{"C:\\Users\\ajp831\\Pern\\EMS\\src\\components\\pages\\AddEmployee.tsx": {"path":"C:\\Users\\ajp831\\Pern\\EMS\\src\\components\\pages\\AddEmployee.tsx","statementMap":{"0":{"start":{"line":1,"column":0},"end":{"line":1,"column":64}},"1":{"start":{"line":2,"column":0},"end":{"line":2,"column":67}},"2":{"start":{"line":3,"column":0},"end":{"line":3,"column":51}},"3":{"start":{"line":4,"column":0},"end":{"line":4,"column":47}},"4":{"start":{"line":5,"column":0},"end":{"line":5,"column":39}},"5":{"start":{"line":6,"column":0},"end":{"line":6,"column":44}},"6":{"start":{"line":7,"column":0},"end":{"line":7,"column":30}},"7":{"start":{"line":9,"column":17},"end":{"line":13,"column":2}},"8":{"start":{"line":15,"column":23},"end":{"line":15,"column":46}},"9":{"start":{"line":16,"column":20},"end":{"line":207,"column":1}},"10":{"start":{"line":28,"column":42},"end":{"line":36,"column":4}},"11":{"start":{"line":38,"column":30},"end":{"line":38,"column":53}},"12":{"start":{"line":39,"column":26},"end":{"line":39,"column":53}},"13":{"start":{"line":41,"column":26},"end":{"line":41,"column":50}},"14":{"start":{"line":43,"column":19},"end":{"line":43,"column":35}},"15":{"start":{"line":45,"column":19},"end":{"line":45,"column":32}},"16":{"start":{"line":47,"column":24},"end":{"line":73,"column":null}},"17":{"start":{"line":47,"column":64},"end":{"line":73,"column":null}},"18":{"start":{"line":48,"column":4},"end":{"line":48,"column":23}},"19":{"start":{"line":50,"column":4},"end":{"line":50,"column":null}},"20":{"start":{"line":52,"column":21},"end":{"line":52,"column":65}},"21":{"start":{"line":53,"column":4},"end":{"line":53,"column":null}},"22":{"start":{"line":54,"column":4},"end":{"line":57,"column":5}},"23":{"start":{"line":55,"column":6},"end":{"line":55,"column":49}},"24":{"start":{"line":56,"column":6},"end":{"line":56,"column":34}},"25":{"start":{"line":59,"column":5},"end":{"line":62,"column":9}},"26":{"start":{"line":60,"column":16},"end":{"line":60,"column":58}},"27":{"start":{"line":61,"column":16},"end":{"line":61,"column":48}},"28":{"start":{"line":64,"column":4},"end":{"line":71,"column":5}},"29":{"start":{"line":65,"column":6},"end":{"line":65,"column":48}},"30":{"start":{"line":66,"column":6},"end":{"line":66,"column":33}},"31":{"start":{"line":67,"column":6},"end":{"line":67,"column":null}},"32":{"start":{"line":69,"column":6},"end":{"line":69,"column":46}},"33":{"start":{"line":70,"column":6},"end":{"line":70,"column":68}},"34":{"start":{"line":75,"column":23},"end":{"line":82,"column":3}},"35":{"start":{"line":76,"column":4},"end":{"line":76,"column":23}},"36":{"start":{"line":78,"column":4},"end":{"line":81,"column":8}},"37":{"start":{"line":78,"column":34},"end":{"line":80,"column":null}},"38":{"start":{"line":84,"column":2},"end":{"line":206,"column":4}},"39":{"start":{"line":196,"column":31},"end":{"line":196,"column":59}},"40":{"start":{"line":209,"column":0},"end":{"line":209,"column":27}}},"fnMap":{"0":{"name":"(anonymous_8)","decl":{"start":{"line":16,"column":20},"end":{"line":16,"column":23}},"loc":{"start":{"line":16,"column":25},"end":{"line":207,"column":1}}},"1":{"name":"(anonymous_9)","decl":{"start":{"line":47,"column":24},"end":{"line":47,"column":31}},"loc":{"start":{"line":47,"column":64},"end":{"line":73,"column":null}}},"2":{"name":"(anonymous_10)","decl":{"start":{"line":47,"column":64},"end":{"line":47,"column":null}},"loc":{"start":{"line":47,"column":64},"end":{"line":73,"column":3}}},"3":{"name":"(anonymous_11)","decl":{"start":{"line":75,"column":23},"end":{"line":75,"column":24}},"loc":{"start":{"line":75,"column":60},"end":{"line":82,"column":3}}},"4":{"name":"(anonymous_12)","decl":{"start":{"line":78,"column":20},"end":{"line":78,"column":21}},"loc":{"start":{"line":78,"column":34},"end":{"line":80,"column":null}}},"5":{"name":"(anonymous_13)","decl":{"start":{"line":196,"column":25},"end":{"line":196,"column":28}},"loc":{"start":{"line":196,"column":31},"end":{"line":196,"column":59}}}},"branchMap":{"0":{"loc":{"start":{"line":54,"column":4},"end":{"line":57,"column":5}},"type":"if","locations":[{"start":{"line":54,"column":4},"end":{"line":57,"column":5}},{"start":{},"end":{}}]},"1":{"loc":{"start":{"line":54,"column":9},"end":{"line":54,"column":34}},"type":"cond-expr","locations":[{"start":{"line":54,"column":26},"end":{"line":54,"column":28}},{"start":{"line":54,"column":26},"end":{"line":54,"column":34}}]},"2":{"loc":{"start":{"line":54,"column":9},"end":{"line":54,"column":28}},"type":"binary-expr","locations":[{"start":{"line":54,"column":9},"end":{"line":54,"column":28}},{"start":{"line":54,"column":26},"end":{"line":54,"column":28}}]},"3":{"loc":{"start":{"line":54,"column":9},"end":{"line":54,"column":26}},"type":"cond-expr","locations":[{"start":{"line":54,"column":17},"end":{"line":54,"column":19}},{"start":{"line":54,"column":9},"end":{"line":54,"column":26}}]},"4":{"loc":{"start":{"line":54,"column":9},"end":{"line":54,"column":19}},"type":"binary-expr","locations":[{"start":{"line":54,"column":9},"end":{"line":54,"column":19}},{"start":{"line":54,"column":9},"end":{"line":54,"column":19}}]},"5":{"loc":{"start":{"line":59,"column":5},"end":{"line":62,"column":9}},"type":"if","locations":[{"start":{"line":59,"column":5},"end":{"line":62,"column":9}},{"start":{},"end":{}}]},"6":{"loc":{"start":{"line":59,"column":9},"end":{"line":59,"column":34}},"type":"cond-expr","locations":[{"start":{"line":59,"column":26},"end":{"line":59,"column":28}},{"start":{"line":59,"column":26},"end":{"line":59,"column":34}}]},"7":{"loc":{"start":{"line":59,"column":9},"end":{"line":59,"column":28}},"type":"binary-expr","locations":[{"start":{"line":59,"column":9},"end":{"line":59,"column":28}},{"start":{"line":59,"column":26},"end":{"line":59,"column":28}}]},"8":{"loc":{"start":{"line":59,"column":9},"end":{"line":59,"column":26}},"type":"cond-expr","locations":[{"start":{"line":59,"column":17},"end":{"line":59,"column":19}},{"start":{"line":59,"column":9},"end":{"line":59,"column":26}}]},"9":{"loc":{"start":{"line":59,"column":9},"end":{"line":59,"column":19}},"type":"binary-expr","locations":[{"start":{"line":59,"column":9},"end":{"line":59,"column":19}},{"start":{"line":59,"column":9},"end":{"line":59,"column":19}}]},"10":{"loc":{"start":{"line":60,"column":30},"end":{"line":60,"column":56}},"type":"cond-expr","locations":[{"start":{"line":60,"column":47},"end":{"line":60,"column":49}},{"start":{"line":60,"column":47},"end":{"line":60,"column":56}}]},"11":{"loc":{"start":{"line":60,"column":30},"end":{"line":60,"column":49}},"type":"binary-expr","locations":[{"start":{"line":60,"column":30},"end":{"line":60,"column":49}},{"start":{"line":60,"column":47},"end":{"line":60,"column":49}}]},"12":{"loc":{"start":{"line":60,"column":30},"end":{"line":60,"column":47}},"type":"cond-expr","locations":[{"start":{"line":60,"column":38},"end":{"line":60,"column":40}},{"start":{"line":60,"column":30},"end":{"line":60,"column":47}}]},"13":{"loc":{"start":{"line":60,"column":30},"end":{"line":60,"column":40}},"type":"binary-expr","locations":[{"start":{"line":60,"column":30},"end":{"line":60,"column":40}},{"start":{"line":60,"column":30},"end":{"line":60,"column":40}}]},"14":{"loc":{"start":{"line":64,"column":4},"end":{"line":71,"column":5}},"type":"if","locations":[{"start":{"line":64,"column":4},"end":{"line":71,"column":5}},{"start":{"line":68,"column":11},"end":{"line":71,"column":5}}]},"15":{"loc":{"start":{"line":64,"column":8},"end":{"line":64,"column":33}},"type":"cond-expr","locations":[{"start":{"line":64,"column":25},"end":{"line":64,"column":27}},{"start":{"line":64,"column":25},"end":{"line":64,"column":33}}]},"16":{"loc":{"start":{"line":64,"column":8},"end":{"line":64,"column":27}},"type":"binary-expr","locations":[{"start":{"line":64,"column":8},"end":{"line":64,"column":27}},{"start":{"line":64,"column":25},"end":{"line":64,"column":27}}]},"17":{"loc":{"start":{"line":64,"column":8},"end":{"line":64,"column":25}},"type":"cond-expr","locations":[{"start":{"line":64,"column":16},"end":{"line":64,"column":18}},{"start":{"line":64,"column":8},"end":{"line":64,"column":25}}]},"18":{"loc":{"start":{"line":64,"column":8},"end":{"line":64,"column":18}},"type":"binary-expr","locations":[{"start":{"line":64,"column":8},"end":{"line":64,"column":18}},{"start":{"line":64,"column":8},"end":{"line":64,"column":18}}]},"19":{"loc":{"start":{"line":65,"column":20},"end":{"line":65,"column":46}},"type":"cond-expr","locations":[{"start":{"line":65,"column":37},"end":{"line":65,"column":39}},{"start":{"line":65,"column":37},"end":{"line":65,"column":46}}]},"20":{"loc":{"start":{"line":65,"column":20},"end":{"line":65,"column":39}},"type":"binary-expr","locations":[{"start":{"line":65,"column":20},"end":{"line":65,"column":39}},{"start":{"line":65,"column":37},"end":{"line":65,"column":39}}]},"21":{"loc":{"start":{"line":65,"column":20},"end":{"line":65,"column":37}},"type":"cond-expr","locations":[{"start":{"line":65,"column":28},"end":{"line":65,"column":30}},{"start":{"line":65,"column":20},"end":{"line":65,"column":37}}]},"22":{"loc":{"start":{"line":65,"column":20},"end":{"line":65,"column":30}},"type":"binary-expr","locations":[{"start":{"line":65,"column":20},"end":{"line":65,"column":30}},{"start":{"line":65,"column":20},"end":{"line":65,"column":30}}]},"23":{"loc":{"start":{"line":100,"column":23},"end":{"line":100,"column":41}},"type":"cond-expr","locations":[{"start":{"line":100,"column":35},"end":{"line":100,"column":37}},{"start":{"line":100,"column":23},"end":{"line":100,"column":41}}]},"24":{"loc":{"start":{"line":100,"column":23},"end":{"line":100,"column":37}},"type":"binary-expr","locations":[{"start":{"line":100,"column":23},"end":{"line":100,"column":37}},{"start":{"line":100,"column":23},"end":{"line":100,"column":37}}]},"25":{"loc":{"start":{"line":111,"column":23},"end":{"line":111,"column":42}},"type":"cond-expr","locations":[{"start":{"line":111,"column":35},"end":{"line":111,"column":37}},{"start":{"line":111,"column":23},"end":{"line":111,"column":42}}]},"26":{"loc":{"start":{"line":111,"column":23},"end":{"line":111,"column":37}},"type":"binary-expr","locations":[{"start":{"line":111,"column":23},"end":{"line":111,"column":37}},{"start":{"line":111,"column":23},"end":{"line":111,"column":37}}]},"27":{"loc":{"start":{"line":123,"column":23},"end":{"line":123,"column":48}},"type":"cond-expr","locations":[{"start":{"line":123,"column":35},"end":{"line":123,"column":37}},{"start":{"line":123,"column":23},"end":{"line":123,"column":48}}]},"28":{"loc":{"start":{"line":123,"column":23},"end":{"line":123,"column":37}},"type":"binary-expr","locations":[{"start":{"line":123,"column":23},"end":{"line":123,"column":37}},{"start":{"line":123,"column":23},"end":{"line":123,"column":37}}]},"29":{"loc":{"start":{"line":136,"column":23},"end":{"line":136,"column":43}},"type":"cond-expr","locations":[{"start":{"line":136,"column":35},"end":{"line":136,"column":37}},{"start":{"line":136,"column":23},"end":{"line":136,"column":43}}]},"30":{"loc":{"start":{"line":136,"column":23},"end":{"line":136,"column":37}},"type":"binary-expr","locations":[{"start":{"line":136,"column":23},"end":{"line":136,"column":37}},{"start":{"line":136,"column":23},"end":{"line":136,"column":37}}]},"31":{"loc":{"start":{"line":152,"column":23},"end":{"line":152,"column":45}},"type":"cond-expr","locations":[{"start":{"line":152,"column":35},"end":{"line":152,"column":37}},{"start":{"line":152,"column":23},"end":{"line":152,"column":45}}]},"32":{"loc":{"start":{"line":152,"column":23},"end":{"line":152,"column":37}},"type":"binary-expr","locations":[{"start":{"line":152,"column":23},"end":{"line":152,"column":37}},{"start":{"line":152,"column":23},"end":{"line":152,"column":37}}]},"33":{"loc":{"start":{"line":169,"column":23},"end":{"line":169,"column":53}},"type":"cond-expr","locations":[{"start":{"line":169,"column":35},"end":{"line":169,"column":37}},{"start":{"line":169,"column":23},"end":{"line":169,"column":53}}]},"34":{"loc":{"start":{"line":169,"column":23},"end":{"line":169,"column":37}},"type":"binary-expr","locations":[{"start":{"line":169,"column":23},"end":{"line":169,"column":37}},{"start":{"line":169,"column":23},"end":{"line":169,"column":37}}]},"35":{"loc":{"start":{"line":179,"column":15},"end":{"line":188,"column":null}},"type":"cond-expr","locations":[{"start":{"line":179,"column":22},"end":{"line":185,"column":null}},{"start":{"line":186,"column":19},"end":{"line":188,"column":null}}]}},"s":{"0":2,"1":2,"2":2,"3":2,"4":2,"5":2,"6":2,"7":2,"8":2,"9":2,"10":19,"11":19,"12":19,"13":19,"14":19,"15":19,"16":19,"17":1,"18":1,"19":1,"20":1,"21":0,"22":0,"23":0,"24":0,"25":0,"26":0,"27":0,"28":0,"29":0,"30":0,"31":0,"32":0,"33":0,"34":19,"35":9,"36":9,"37":9,"38":19,"39":1,"40":2},"f":{"0":19,"1":1,"2":1,"3":9,"4":9,"5":1},"b":{"0":[0,0],"1":[0,0],"2":[0,0],"3":[0,0],"4":[0,0],"5":[0,0],"6":[0,0],"7":[0,0],"8":[0,0],"9":[0,0],"10":[0,0],"11":[0,0],"12":[0,0],"13":[0,0],"14":[0,0],"15":[0,0],"16":[0,0],"17":[0,0],"18":[0,0],"19":[0,0],"20":[0,0],"21":[0,0],"22":[0,0],"23":[0,19],"24":[19,19],"25":[0,19],"26":[19,19],"27":[0,19],"28":[19,19],"29":[0,19],"30":[19,19],"31":[0,19],"32":[19,19],"33":[0,19],"34":[19,19],"35":[1,18]}}
,"C:\\Users\\ajp831\\Pern\\EMS\\src\\components\\pages\\Dashboard.tsx": {"path":"C:\\Users\\ajp831\\Pern\\EMS\\src\\components\\pages\\Dashboard.tsx","statementMap":{"0":{"start":{"line":1,"column":0},"end":{"line":1,"column":49}},"1":{"start":{"line":2,"column":0},"end":{"line":2,"column":null}},"2":{"start":{"line":12,"column":0},"end":{"line":12,"column":null}},"3":{"start":{"line":21,"column":0},"end":{"line":21,"column":42}},"4":{"start":{"line":22,"column":0},"end":{"line":22,"column":33}},"5":{"start":{"line":23,"column":0},"end":{"line":23,"column":47}},"6":{"start":{"line":24,"column":0},"end":{"line":24,"column":30}},"7":{"start":{"line":26,"column":28},"end":{"line":251,"column":1}},"8":{"start":{"line":28,"column":26},"end":{"line":28,"column":49}},"9":{"start":{"line":30,"column":15},"end":{"line":30,"column":41}},"10":{"start":{"line":32,"column":19},"end":{"line":32,"column":32}},"11":{"start":{"line":34,"column":22},"end":{"line":36,"column":3}},"12":{"start":{"line":35,"column":4},"end":{"line":35,"column":null}},"13":{"start":{"line":39,"column":23},"end":{"line":39,"column":43}},"14":{"start":{"line":43,"column":18},"end":{"line":87,"column":4}},"15":{"start":{"line":45,"column":22},"end":{"line":45,"column":37}},"16":{"start":{"line":47,"column":8},"end":{"line":48,"column":null}},"17":{"start":{"line":55,"column":8},"end":{"line":55,"column":71}},"18":{"start":{"line":58,"column":8},"end":{"line":59,"column":null}},"19":{"start":{"line":65,"column":8},"end":{"line":66,"column":null}},"20":{"start":{"line":69,"column":22},"end":{"line":69,"column":37}},"21":{"start":{"line":73,"column":8},"end":{"line":74,"column":null}},"22":{"start":{"line":77,"column":22},"end":{"line":77,"column":37}},"23":{"start":{"line":81,"column":8},"end":{"line":81,"column":null}},"24":{"start":{"line":85,"column":22},"end":{"line":85,"column":130}},"25":{"start":{"line":85,"column":48},"end":{"line":85,"column":99}},"26":{"start":{"line":90,"column":32},"end":{"line":90,"column":44}},"27":{"start":{"line":91,"column":42},"end":{"line":91,"column":54}},"28":{"start":{"line":93,"column":16},"end":{"line":112,"column":4}},"29":{"start":{"line":114,"column":2},"end":{"line":250,"column":4}},"30":{"start":{"line":124,"column":29},"end":{"line":124,"column":60}},"31":{"start":{"line":136,"column":27},"end":{"line":136,"column":40}},"32":{"start":{"line":145,"column":16},"end":{"line":145,"column":null}},"33":{"start":{"line":147,"column":20},"end":{"line":148,"column":null}},"34":{"start":{"line":173,"column":16},"end":{"line":173,"column":33}},"35":{"start":{"line":175,"column":20},"end":{"line":176,"column":null}},"36":{"start":{"line":199,"column":16},"end":{"line":199,"column":58}},"37":{"start":{"line":203,"column":16},"end":{"line":203,"column":39}},"38":{"start":{"line":215,"column":31},"end":{"line":215,"column":51}},"39":{"start":{"line":224,"column":16},"end":{"line":225,"column":null}},"40":{"start":{"line":226,"column":33},"end":{"line":226,"column":58}},"41":{"start":{"line":237,"column":31},"end":{"line":237,"column":47}},"42":{"start":{"line":253,"column":0},"end":{"line":253,"column":25}}},"fnMap":{"0":{"name":"(anonymous_1)","decl":{"start":{"line":26,"column":28},"end":{"line":26,"column":31}},"loc":{"start":{"line":26,"column":33},"end":{"line":251,"column":1}}},"1":{"name":"(anonymous_2)","decl":{"start":{"line":34,"column":22},"end":{"line":34,"column":25}},"loc":{"start":{"line":34,"column":27},"end":{"line":36,"column":3}}},"2":{"name":"(anonymous_3)","decl":{"start":{"line":45,"column":12},"end":{"line":45,"column":13}},"loc":{"start":{"line":45,"column":22},"end":{"line":45,"column":37}}},"3":{"name":"(anonymous_4)","decl":{"start":{"line":46,"column":14},"end":{"line":46,"column":17}},"loc":{"start":{"line":47,"column":8},"end":{"line":48,"column":null}}},"4":{"name":"(anonymous_5)","decl":{"start":{"line":54,"column":12},"end":{"line":54,"column":13}},"loc":{"start":{"line":55,"column":8},"end":{"line":55,"column":71}}},"5":{"name":"(anonymous_6)","decl":{"start":{"line":57,"column":14},"end":{"line":57,"column":17}},"loc":{"start":{"line":58,"column":8},"end":{"line":59,"column":null}}},"6":{"name":"(anonymous_7)","decl":{"start":{"line":64,"column":14},"end":{"line":64,"column":17}},"loc":{"start":{"line":65,"column":8},"end":{"line":66,"column":null}}},"7":{"name":"(anonymous_8)","decl":{"start":{"line":69,"column":12},"end":{"line":69,"column":13}},"loc":{"start":{"line":69,"column":22},"end":{"line":69,"column":37}}},"8":{"name":"(anonymous_9)","decl":{"start":{"line":72,"column":14},"end":{"line":72,"column":17}},"loc":{"start":{"line":73,"column":8},"end":{"line":74,"column":null}}},"9":{"name":"(anonymous_10)","decl":{"start":{"line":77,"column":12},"end":{"line":77,"column":13}},"loc":{"start":{"line":77,"column":22},"end":{"line":77,"column":37}}},"10":{"name":"(anonymous_11)","decl":{"start":{"line":80,"column":14},"end":{"line":80,"column":17}},"loc":{"start":{"line":81,"column":8},"end":{"line":81,"column":null}}},"11":{"name":"(anonymous_12)","decl":{"start":{"line":85,"column":12},"end":{"line":85,"column":13}},"loc":{"start":{"line":85,"column":22},"end":{"line":85,"column":130}}},"12":{"name":"(anonymous_13)","decl":{"start":{"line":85,"column":42},"end":{"line":85,"column":45}},"loc":{"start":{"line":85,"column":48},"end":{"line":85,"column":99}}},"13":{"name":"(anonymous_14)","decl":{"start":{"line":124,"column":22},"end":{"line":124,"column":23}},"loc":{"start":{"line":124,"column":29},"end":{"line":124,"column":60}}},"14":{"name":"(anonymous_15)","decl":{"start":{"line":136,"column":21},"end":{"line":136,"column":24}},"loc":{"start":{"line":136,"column":27},"end":{"line":136,"column":40}}},"15":{"name":"(anonymous_16)","decl":{"start":{"line":144,"column":76},"end":{"line":144,"column":77}},"loc":{"start":{"line":145,"column":16},"end":{"line":145,"column":null}}},"16":{"name":"(anonymous_17)","decl":{"start":{"line":146,"column":43},"end":{"line":146,"column":44}},"loc":{"start":{"line":147,"column":20},"end":{"line":148,"column":null}}},"17":{"name":"(anonymous_18)","decl":{"start":{"line":172,"column":66},"end":{"line":172,"column":67}},"loc":{"start":{"line":173,"column":16},"end":{"line":173,"column":33}}},"18":{"name":"(anonymous_19)","decl":{"start":{"line":174,"column":45},"end":{"line":174,"column":46}},"loc":{"start":{"line":175,"column":20},"end":{"line":176,"column":null}}},"19":{"name":"(anonymous_20)","decl":{"start":{"line":198,"column":24},"end":{"line":198,"column":25}},"loc":{"start":{"line":198,"column":30},"end":{"line":200,"column":15}}},"20":{"name":"(anonymous_21)","decl":{"start":{"line":202,"column":35},"end":{"line":202,"column":36}},"loc":{"start":{"line":203,"column":16},"end":{"line":203,"column":39}}},"21":{"name":"(anonymous_22)","decl":{"start":{"line":215,"column":25},"end":{"line":215,"column":28}},"loc":{"start":{"line":215,"column":31},"end":{"line":215,"column":51}}},"22":{"name":"(anonymous_23)","decl":{"start":{"line":223,"column":64},"end":{"line":223,"column":65}},"loc":{"start":{"line":224,"column":16},"end":{"line":225,"column":null}}},"23":{"name":"(anonymous_24)","decl":{"start":{"line":226,"column":27},"end":{"line":226,"column":30}},"loc":{"start":{"line":226,"column":33},"end":{"line":226,"column":58}}},"24":{"name":"(anonymous_25)","decl":{"start":{"line":237,"column":25},"end":{"line":237,"column":28}},"loc":{"start":{"line":237,"column":31},"end":{"line":237,"column":47}}}},"branchMap":{"0":{"loc":{"start":{"line":123,"column":19},"end":{"line":123,"column":37}},"type":"cond-expr","locations":[{"start":{"line":123,"column":19},"end":{"line":123,"column":31}},{"start":{"line":123,"column":35},"end":{"line":123,"column":37}}]},"1":{"loc":{"start":{"line":123,"column":19},"end":{"line":123,"column":35}},"type":"binary-expr","locations":[{"start":{"line":123,"column":19},"end":{"line":123,"column":35}},{"start":{"line":123,"column":19},"end":{"line":123,"column":35}}]},"2":{"loc":{"start":{"line":144,"column":15},"end":{"line":168,"column":32}},"type":"cond-expr","locations":[{"start":{"line":144,"column":48},"end":{"line":168,"column":16}},{"start":{"line":168,"column":20},"end":{"line":168,"column":32}}]},"3":{"loc":{"start":{"line":144,"column":15},"end":{"line":144,"column":44}},"type":"cond-expr","locations":[{"start":{"line":144,"column":20},"end":{"line":144,"column":22}},{"start":{"line":144,"column":15},"end":{"line":144,"column":44}}]},"4":{"loc":{"start":{"line":144,"column":15},"end":{"line":144,"column":22}},"type":"binary-expr","locations":[{"start":{"line":144,"column":15},"end":{"line":144,"column":22}},{"start":{"line":144,"column":15},"end":{"line":144,"column":22}}]},"5":{"loc":{"start":{"line":153,"column":37},"end":{"line":155,"column":32}},"type":"cond-expr","locations":[{"start":{"line":154,"column":30},"end":{"line":154,"column":76}},{"start":{"line":155,"column":30},"end":{"line":155,"column":32}}]},"6":{"loc":{"start":{"line":172,"column":15},"end":{"line":186,"column":32}},"type":"cond-expr","locations":[{"start":{"line":172,"column":37},"end":{"line":186,"column":16}},{"start":{"line":186,"column":20},"end":{"line":186,"column":32}}]},"7":{"loc":{"start":{"line":172,"column":15},"end":{"line":172,"column":33}},"type":"cond-expr","locations":[{"start":{"line":172,"column":20},"end":{"line":172,"column":22}},{"start":{"line":172,"column":15},"end":{"line":172,"column":33}}]},"8":{"loc":{"start":{"line":172,"column":15},"end":{"line":172,"column":22}},"type":"binary-expr","locations":[{"start":{"line":172,"column":15},"end":{"line":172,"column":22}},{"start":{"line":172,"column":15},"end":{"line":172,"column":22}}]},"9":{"loc":{"start":{"line":227,"column":50},"end":{"line":229,"column":null}},"type":"cond-expr","locations":[{"start":{"line":228,"column":24},"end":{"line":228,"column":48}},{"start":{"line":229,"column":24},"end":{"line":229,"column":null}}]}},"s":{"0":1,"1":1,"2":1,"3":1,"4":1,"5":1,"6":1,"7":1,"8":6,"9":6,"10":6,"11":6,"12":1,"13":6,"14":6,"15":0,"16":6,"17":0,"18":6,"19":6,"20":0,"21":6,"22":0,"23":6,"24":0,"25":0,"26":6,"27":6,"28":6,"29":6,"30":1,"31":1,"32":6,"33":30,"34":0,"35":0,"36":0,"37":24,"38":0,"39":0,"40":0,"41":0,"42":1},"f":{"0":6,"1":1,"2":0,"3":6,"4":0,"5":6,"6":6,"7":0,"8":6,"9":0,"10":6,"11":0,"12":0,"13":1,"14":1,"15":6,"16":30,"17":0,"18":0,"19":0,"20":24,"21":0,"22":0,"23":0,"24":0},"b":{"0":[6,0],"1":[6,6],"2":[6,0],"3":[0,6],"4":[6,6],"5":[30,0],"6":[6,0],"7":[0,6],"8":[6,6],"9":[0,0]}}
,"C:\\Users\\ajp831\\Pern\\EMS\\src\\components\\pages\\EditEmployee.tsx": {"path":"C:\\Users\\ajp831\\Pern\\EMS\\src\\components\\pages\\EditEmployee.tsx","statementMap":{"0":{"start":{"line":1,"column":0},"end":{"line":1,"column":78}},"1":{"start":{"line":2,"column":0},"end":{"line":2,"column":51}},"2":{"start":{"line":3,"column":0},"end":{"line":3,"column":39}},"3":{"start":{"line":4,"column":0},"end":{"line":4,"column":58}},"4":{"start":{"line":5,"column":0},"end":{"line":5,"column":79}},"5":{"start":{"line":6,"column":0},"end":{"line":6,"column":44}},"6":{"start":{"line":7,"column":0},"end":{"line":7,"column":30}},"7":{"start":{"line":9,"column":17},"end":{"line":13,"column":2}},"8":{"start":{"line":15,"column":23},"end":{"line":15,"column":46}},"9":{"start":{"line":17,"column":21},"end":{"line":204,"column":1}},"10":{"start":{"line":28,"column":44},"end":{"line":34,"column":6}},"11":{"start":{"line":36,"column":32},"end":{"line":36,"column":55}},"12":{"start":{"line":37,"column":28},"end":{"line":37,"column":55}},"13":{"start":{"line":39,"column":28},"end":{"line":39,"column":52}},"14":{"start":{"line":41,"column":21},"end":{"line":41,"column":37}},"15":{"start":{"line":43,"column":21},"end":{"line":43,"column":34}},"16":{"start":{"line":45,"column":19},"end":{"line":45,"column":30}},"17":{"start":{"line":47,"column":26},"end":{"line":47,"column":36}},"18":{"start":{"line":49,"column":4},"end":{"line":66,"column":11}},"19":{"start":{"line":50,"column":8},"end":{"line":65,"column":9}},"20":{"start":{"line":51,"column":29},"end":{"line":51,"column":53}},"21":{"start":{"line":52,"column":12},"end":{"line":62,"column":null}},"22":{"start":{"line":54,"column":16},"end":{"line":59,"column":17}},"23":{"start":{"line":55,"column":20},"end":{"line":55,"column":null}},"24":{"start":{"line":57,"column":20},"end":{"line":57,"column":61}},"25":{"start":{"line":58,"column":20},"end":{"line":58,"column":48}},"26":{"start":{"line":64,"column":12},"end":{"line":64,"column":64}},"27":{"start":{"line":68,"column":30},"end":{"line":71,"column":null}},"28":{"start":{"line":68,"column":54},"end":{"line":71,"column":null}},"29":{"start":{"line":69,"column":21},"end":{"line":69,"column":57}},"30":{"start":{"line":70,"column":8},"end":{"line":70,"column":20}},"31":{"start":{"line":73,"column":25},"end":{"line":80,"column":5}},"32":{"start":{"line":74,"column":8},"end":{"line":74,"column":27}},"33":{"start":{"line":76,"column":8},"end":{"line":79,"column":12}},"34":{"start":{"line":76,"column":38},"end":{"line":78,"column":null}},"35":{"start":{"line":83,"column":27},"end":{"line":108,"column":null}},"36":{"start":{"line":83,"column":67},"end":{"line":108,"column":null}},"37":{"start":{"line":84,"column":8},"end":{"line":84,"column":27}},"38":{"start":{"line":85,"column":8},"end":{"line":85,"column":null}},"39":{"start":{"line":87,"column":25},"end":{"line":87,"column":69}},"40":{"start":{"line":89,"column":8},"end":{"line":89,"column":null}},"41":{"start":{"line":90,"column":8},"end":{"line":93,"column":9}},"42":{"start":{"line":91,"column":12},"end":{"line":91,"column":53}},"43":{"start":{"line":92,"column":12},"end":{"line":92,"column":40}},"44":{"start":{"line":95,"column":8},"end":{"line":98,"column":9}},"45":{"start":{"line":96,"column":12},"end":{"line":96,"column":54}},"46":{"start":{"line":97,"column":12},"end":{"line":97,"column":44}},"47":{"start":{"line":100,"column":8},"end":{"line":107,"column":9}},"48":{"start":{"line":101,"column":12},"end":{"line":101,"column":52}},"49":{"start":{"line":102,"column":12},"end":{"line":102,"column":39}},"50":{"start":{"line":103,"column":12},"end":{"line":103,"column":null}},"51":{"start":{"line":105,"column":12},"end":{"line":105,"column":54}},"52":{"start":{"line":106,"column":12},"end":{"line":106,"column":70}},"53":{"start":{"line":110,"column":4},"end":{"line":203,"column":6}},"54":{"start":{"line":193,"column":47},"end":{"line":193,"column":75}},"55":{"start":{"line":206,"column":0},"end":{"line":206,"column":28}}},"fnMap":{"0":{"name":"(anonymous_8)","decl":{"start":{"line":17,"column":21},"end":{"line":17,"column":24}},"loc":{"start":{"line":17,"column":26},"end":{"line":204,"column":1}}},"1":{"name":"(anonymous_9)","decl":{"start":{"line":49,"column":14},"end":{"line":49,"column":17}},"loc":{"start":{"line":49,"column":19},"end":{"line":66,"column":5}}},"2":{"name":"(anonymous_10)","decl":{"start":{"line":52,"column":26},"end":{"line":52,"column":27}},"loc":{"start":{"line":52,"column":39},"end":{"line":60,"column":13}}},"3":{"name":"(anonymous_11)","decl":{"start":{"line":68,"column":30},"end":{"line":68,"column":37}},"loc":{"start":{"line":68,"column":54},"end":{"line":71,"column":null}}},"4":{"name":"(anonymous_12)","decl":{"start":{"line":68,"column":54},"end":{"line":68,"column":null}},"loc":{"start":{"line":68,"column":54},"end":{"line":71,"column":5}}},"5":{"name":"(anonymous_13)","decl":{"start":{"line":73,"column":25},"end":{"line":73,"column":26}},"loc":{"start":{"line":73,"column":62},"end":{"line":80,"column":5}}},"6":{"name":"(anonymous_14)","decl":{"start":{"line":76,"column":24},"end":{"line":76,"column":25}},"loc":{"start":{"line":76,"column":38},"end":{"line":78,"column":null}}},"7":{"name":"(anonymous_15)","decl":{"start":{"line":83,"column":27},"end":{"line":83,"column":34}},"loc":{"start":{"line":83,"column":67},"end":{"line":108,"column":null}}},"8":{"name":"(anonymous_16)","decl":{"start":{"line":83,"column":67},"end":{"line":83,"column":null}},"loc":{"start":{"line":83,"column":67},"end":{"line":108,"column":5}}},"9":{"name":"(anonymous_17)","decl":{"start":{"line":193,"column":41},"end":{"line":193,"column":44}},"loc":{"start":{"line":193,"column":47},"end":{"line":193,"column":75}}}},"branchMap":{"0":{"loc":{"start":{"line":54,"column":16},"end":{"line":59,"column":17}},"type":"if","locations":[{"start":{"line":54,"column":16},"end":{"line":59,"column":17}},{"start":{"line":56,"column":23},"end":{"line":59,"column":17}}]},"1":{"loc":{"start":{"line":54,"column":20},"end":{"line":54,"column":43}},"type":"cond-expr","locations":[{"start":{"line":54,"column":37},"end":{"line":54,"column":39}},{"start":{"line":54,"column":37},"end":{"line":54,"column":43}}]},"2":{"loc":{"start":{"line":54,"column":20},"end":{"line":54,"column":39}},"type":"binary-expr","locations":[{"start":{"line":54,"column":20},"end":{"line":54,"column":39}},{"start":{"line":54,"column":37},"end":{"line":54,"column":39}}]},"3":{"loc":{"start":{"line":54,"column":20},"end":{"line":54,"column":37}},"type":"cond-expr","locations":[{"start":{"line":54,"column":28},"end":{"line":54,"column":30}},{"start":{"line":54,"column":20},"end":{"line":54,"column":37}}]},"4":{"loc":{"start":{"line":54,"column":20},"end":{"line":54,"column":30}},"type":"binary-expr","locations":[{"start":{"line":54,"column":20},"end":{"line":54,"column":30}},{"start":{"line":54,"column":20},"end":{"line":54,"column":30}}]},"5":{"loc":{"start":{"line":90,"column":8},"end":{"line":93,"column":9}},"type":"if","locations":[{"start":{"line":90,"column":8},"end":{"line":93,"column":9}},{"start":{},"end":{}}]},"6":{"loc":{"start":{"line":90,"column":13},"end":{"line":90,"column":38}},"type":"cond-expr","locations":[{"start":{"line":90,"column":30},"end":{"line":90,"column":32}},{"start":{"line":90,"column":30},"end":{"line":90,"column":38}}]},"7":{"loc":{"start":{"line":90,"column":13},"end":{"line":90,"column":32}},"type":"binary-expr","locations":[{"start":{"line":90,"column":13},"end":{"line":90,"column":32}},{"start":{"line":90,"column":30},"end":{"line":90,"column":32}}]},"8":{"loc":{"start":{"line":90,"column":13},"end":{"line":90,"column":30}},"type":"cond-expr","locations":[{"start":{"line":90,"column":21},"end":{"line":90,"column":23}},{"start":{"line":90,"column":13},"end":{"line":90,"column":30}}]},"9":{"loc":{"start":{"line":90,"column":13},"end":{"line":90,"column":23}},"type":"binary-expr","locations":[{"start":{"line":90,"column":13},"end":{"line":90,"column":23}},{"start":{"line":90,"column":13},"end":{"line":90,"column":23}}]},"10":{"loc":{"start":{"line":95,"column":8},"end":{"line":98,"column":9}},"type":"if","locations":[{"start":{"line":95,"column":8},"end":{"line":98,"column":9}},{"start":{},"end":{}}]},"11":{"loc":{"start":{"line":95,"column":12},"end":{"line":95,"column":37}},"type":"cond-expr","locations":[{"start":{"line":95,"column":29},"end":{"line":95,"column":31}},{"start":{"line":95,"column":29},"end":{"line":95,"column":37}}]},"12":{"loc":{"start":{"line":95,"column":12},"end":{"line":95,"column":31}},"type":"binary-expr","locations":[{"start":{"line":95,"column":12},"end":{"line":95,"column":31}},{"start":{"line":95,"column":29},"end":{"line":95,"column":31}}]},"13":{"loc":{"start":{"line":95,"column":12},"end":{"line":95,"column":29}},"type":"cond-expr","locations":[{"start":{"line":95,"column":20},"end":{"line":95,"column":22}},{"start":{"line":95,"column":12},"end":{"line":95,"column":29}}]},"14":{"loc":{"start":{"line":95,"column":12},"end":{"line":95,"column":22}},"type":"binary-expr","locations":[{"start":{"line":95,"column":12},"end":{"line":95,"column":22}},{"start":{"line":95,"column":12},"end":{"line":95,"column":22}}]},"15":{"loc":{"start":{"line":96,"column":26},"end":{"line":96,"column":52}},"type":"cond-expr","locations":[{"start":{"line":96,"column":43},"end":{"line":96,"column":45}},{"start":{"line":96,"column":43},"end":{"line":96,"column":52}}]},"16":{"loc":{"start":{"line":96,"column":26},"end":{"line":96,"column":45}},"type":"binary-expr","locations":[{"start":{"line":96,"column":26},"end":{"line":96,"column":45}},{"start":{"line":96,"column":43},"end":{"line":96,"column":45}}]},"17":{"loc":{"start":{"line":96,"column":26},"end":{"line":96,"column":43}},"type":"cond-expr","locations":[{"start":{"line":96,"column":34},"end":{"line":96,"column":36}},{"start":{"line":96,"column":26},"end":{"line":96,"column":43}}]},"18":{"loc":{"start":{"line":96,"column":26},"end":{"line":96,"column":36}},"type":"binary-expr","locations":[{"start":{"line":96,"column":26},"end":{"line":96,"column":36}},{"start":{"line":96,"column":26},"end":{"line":96,"column":36}}]},"19":{"loc":{"start":{"line":100,"column":8},"end":{"line":107,"column":9}},"type":"if","locations":[{"start":{"line":100,"column":8},"end":{"line":107,"column":9}},{"start":{"line":104,"column":15},"end":{"line":107,"column":9}}]},"20":{"loc":{"start":{"line":100,"column":12},"end":{"line":100,"column":37}},"type":"cond-expr","locations":[{"start":{"line":100,"column":29},"end":{"line":100,"column":31}},{"start":{"line":100,"column":29},"end":{"line":100,"column":37}}]},"21":{"loc":{"start":{"line":100,"column":12},"end":{"line":100,"column":31}},"type":"binary-expr","locations":[{"start":{"line":100,"column":12},"end":{"line":100,"column":31}},{"start":{"line":100,"column":29},"end":{"line":100,"column":31}}]},"22":{"loc":{"start":{"line":100,"column":12},"end":{"line":100,"column":29}},"type":"cond-expr","locations":[{"start":{"line":100,"column":20},"end":{"line":100,"column":22}},{"start":{"line":100,"column":12},"end":{"line":100,"column":29}}]},"23":{"loc":{"start":{"line":100,"column":12},"end":{"line":100,"column":22}},"type":"binary-expr","locations":[{"start":{"line":100,"column":12},"end":{"line":100,"column":22}},{"start":{"line":100,"column":12},"end":{"line":100,"column":22}}]},"24":{"loc":{"start":{"line":105,"column":26},"end":{"line":105,"column":52}},"type":"cond-expr","locations":[{"start":{"line":105,"column":43},"end":{"line":105,"column":45}},{"start":{"line":105,"column":43},"end":{"line":105,"column":52}}]},"25":{"loc":{"start":{"line":105,"column":26},"end":{"line":105,"column":45}},"type":"binary-expr","locations":[{"start":{"line":105,"column":26},"end":{"line":105,"column":45}},{"start":{"line":105,"column":43},"end":{"line":105,"column":45}}]},"26":{"loc":{"start":{"line":105,"column":26},"end":{"line":105,"column":43}},"type":"cond-expr","locations":[{"start":{"line":105,"column":34},"end":{"line":105,"column":36}},{"start":{"line":105,"column":26},"end":{"line":105,"column":43}}]},"27":{"loc":{"start":{"line":105,"column":26},"end":{"line":105,"column":36}},"type":"binary-expr","locations":[{"start":{"line":105,"column":26},"end":{"line":105,"column":36}},{"start":{"line":105,"column":26},"end":{"line":105,"column":36}}]},"28":{"loc":{"start":{"line":127,"column":39},"end":{"line":127,"column":57}},"type":"cond-expr","locations":[{"start":{"line":127,"column":51},"end":{"line":127,"column":53}},{"start":{"line":127,"column":39},"end":{"line":127,"column":57}}]},"29":{"loc":{"start":{"line":127,"column":39},"end":{"line":127,"column":53}},"type":"binary-expr","locations":[{"start":{"line":127,"column":39},"end":{"line":127,"column":53}},{"start":{"line":127,"column":39},"end":{"line":127,"column":53}}]},"30":{"loc":{"start":{"line":140,"column":39},"end":{"line":140,"column":58}},"type":"cond-expr","locations":[{"start":{"line":140,"column":51},"end":{"line":140,"column":53}},{"start":{"line":140,"column":39},"end":{"line":140,"column":58}}]},"31":{"loc":{"start":{"line":140,"column":39},"end":{"line":140,"column":53}},"type":"binary-expr","locations":[{"start":{"line":140,"column":39},"end":{"line":140,"column":53}},{"start":{"line":140,"column":39},"end":{"line":140,"column":53}}]},"32":{"loc":{"start":{"line":153,"column":39},"end":{"line":153,"column":64}},"type":"cond-expr","locations":[{"start":{"line":153,"column":51},"end":{"line":153,"column":53}},{"start":{"line":153,"column":39},"end":{"line":153,"column":64}}]},"33":{"loc":{"start":{"line":153,"column":39},"end":{"line":153,"column":53}},"type":"binary-expr","locations":[{"start":{"line":153,"column":39},"end":{"line":153,"column":53}},{"start":{"line":153,"column":39},"end":{"line":153,"column":53}}]},"34":{"loc":{"start":{"line":167,"column":39},"end":{"line":167,"column":59}},"type":"cond-expr","locations":[{"start":{"line":167,"column":51},"end":{"line":167,"column":53}},{"start":{"line":167,"column":39},"end":{"line":167,"column":59}}]},"35":{"loc":{"start":{"line":167,"column":39},"end":{"line":167,"column":53}},"type":"binary-expr","locations":[{"start":{"line":167,"column":39},"end":{"line":167,"column":53}},{"start":{"line":167,"column":39},"end":{"line":167,"column":53}}]},"36":{"loc":{"start":{"line":176,"column":29},"end":{"line":186,"column":null}},"type":"cond-expr","locations":[{"start":{"line":176,"column":36},"end":{"line":182,"column":null}},{"start":{"line":184,"column":32},"end":{"line":186,"column":null}}]}},"s":{"0":1,"1":1,"2":1,"3":1,"4":1,"5":1,"6":1,"7":1,"8":1,"9":1,"10":13,"11":13,"12":13,"13":13,"14":13,"15":13,"16":13,"17":13,"18":13,"19":3,"20":3,"21":3,"22":0,"23":0,"24":0,"25":0,"26":0,"27":13,"28":3,"29":3,"30":0,"31":13,"32":8,"33":8,"34":8,"35":13,"36":1,"37":1,"38":1,"39":1,"40":0,"41":0,"42":0,"43":0,"44":0,"45":0,"46":0,"47":0,"48":0,"49":0,"50":0,"51":0,"52":0,"53":13,"54":1,"55":1},"f":{"0":13,"1":3,"2":0,"3":3,"4":3,"5":8,"6":8,"7":1,"8":1,"9":1},"b":{"0":[0,0],"1":[0,0],"2":[0,0],"3":[0,0],"4":[0,0],"5":[0,0],"6":[0,0],"7":[0,0],"8":[0,0],"9":[0,0],"10":[0,0],"11":[0,0],"12":[0,0],"13":[0,0],"14":[0,0],"15":[0,0],"16":[0,0],"17":[0,0],"18":[0,0],"19":[0,0],"20":[0,0],"21":[0,0],"22":[0,0],"23":[0,0],"24":[0,0],"25":[0,0],"26":[0,0],"27":[0,0],"28":[0,13],"29":[13,13],"30":[0,13],"31":[13,13],"32":[0,13],"33":[13,13],"34":[0,13],"35":[13,13],"36":[1,12]}}
,"C:\\Users\\ajp831\\Pern\\EMS\\src\\components\\pages\\Header.tsx": {"path":"C:\\Users\\ajp831\\Pern\\EMS\\src\\components\\pages\\Header.tsx","statementMap":{"0":{"start":{"line":2,"column":0},"end":{"line":2,"column":48}},"1":{"start":{"line":3,"column":0},"end":{"line":3,"column":51}},"2":{"start":{"line":4,"column":0},"end":{"line":4,"column":47}},"3":{"start":{"line":5,"column":0},"end":{"line":5,"column":39}},"4":{"start":{"line":7,"column":15},"end":{"line":28,"column":1}},"5":{"start":{"line":8,"column":19},"end":{"line":8,"column":32}},"6":{"start":{"line":9,"column":20},"end":{"line":9,"column":36}},"7":{"start":{"line":10,"column":2},"end":{"line":27,"column":6}},"8":{"start":{"line":21,"column":16},"end":{"line":21,"column":43}},"9":{"start":{"line":22,"column":16},"end":{"line":22,"column":null}},"10":{"start":{"line":23,"column":16},"end":{"line":23,"column":30}},"11":{"start":{"line":30,"column":0},"end":{"line":30,"column":22}}},"fnMap":{"0":{"name":"(anonymous_0)","decl":{"start":{"line":7,"column":15},"end":{"line":7,"column":18}},"loc":{"start":{"line":7,"column":20},"end":{"line":28,"column":1}}},"1":{"name":"(anonymous_1)","decl":{"start":{"line":20,"column":25},"end":{"line":20,"column":27}},"loc":{"start":{"line":20,"column":29},"end":{"line":24,"column":17}}}},"branchMap":{},"s":{"0":3,"1":3,"2":3,"3":3,"4":3,"5":38,"6":38,"7":38,"8":0,"9":0,"10":0,"11":3},"f":{"0":38,"1":0},"b":{}}
,"C:\\Users\\ajp831\\Pern\\EMS\\src\\components\\pages\\LoginForm.tsx": {"path":"C:\\Users\\ajp831\\Pern\\EMS\\src\\components\\pages\\LoginForm.tsx","statementMap":{"0":{"start":{"line":1,"column":0},"end":{"line":1,"column":62}},"1":{"start":{"line":2,"column":0},"end":{"line":2,"column":53}},"2":{"start":{"line":3,"column":0},"end":{"line":3,"column":44}},"3":{"start":{"line":4,"column":0},"end":{"line":4,"column":42}},"4":{"start":{"line":5,"column":0},"end":{"line":5,"column":47}},"5":{"start":{"line":6,"column":0},"end":{"line":6,"column":39}},"6":{"start":{"line":7,"column":0},"end":{"line":7,"column":44}},"7":{"start":{"line":8,"column":0},"end":{"line":8,"column":48}},"8":{"start":{"line":10,"column":17},"end":{"line":14,"column":2}},"9":{"start":{"line":16,"column":28},"end":{"line":137,"column":1}},"10":{"start":{"line":18,"column":30},"end":{"line":18,"column":53}},"11":{"start":{"line":19,"column":26},"end":{"line":19,"column":53}},"12":{"start":{"line":22,"column":69},"end":{"line":22,"column":93}},"13":{"start":{"line":24,"column":19},"end":{"line":24,"column":32}},"14":{"start":{"line":26,"column":19},"end":{"line":26,"column":35}},"15":{"start":{"line":33,"column":6},"end":{"line":33,"column":15}},"16":{"start":{"line":36,"column":19},"end":{"line":38,"column":3}},"17":{"start":{"line":37,"column":4},"end":{"line":37,"column":19}},"18":{"start":{"line":40,"column":2},"end":{"line":61,"column":27}},"19":{"start":{"line":42,"column":4},"end":{"line":53,"column":5}},"20":{"start":{"line":43,"column":6},"end":{"line":45,"column":8}},"21":{"start":{"line":47,"column":26},"end":{"line":47,"column":52}},"22":{"start":{"line":49,"column":6},"end":{"line":52,"column":null}},"23":{"start":{"line":50,"column":8},"end":{"line":50,"column":42}},"24":{"start":{"line":51,"column":8},"end":{"line":51,"column":37}},"25":{"start":{"line":55,"column":4},"end":{"line":60,"column":5}},"26":{"start":{"line":56,"column":6},"end":{"line":59,"column":7}},"27":{"start":{"line":57,"column":26},"end":{"line":57,"column":38}},"28":{"start":{"line":58,"column":8},"end":{"line":58,"column":44}},"29":{"start":{"line":63,"column":2},"end":{"line":136,"column":4}},"30":{"start":{"line":139,"column":0},"end":{"line":139,"column":25}}},"fnMap":{"0":{"name":"(anonymous_0)","decl":{"start":{"line":16,"column":28},"end":{"line":16,"column":31}},"loc":{"start":{"line":16,"column":33},"end":{"line":137,"column":1}}},"1":{"name":"(anonymous_1)","decl":{"start":{"line":36,"column":19},"end":{"line":36,"column":20}},"loc":{"start":{"line":36,"column":32},"end":{"line":38,"column":3}}},"2":{"name":"(anonymous_2)","decl":{"start":{"line":40,"column":12},"end":{"line":40,"column":15}},"loc":{"start":{"line":40,"column":17},"end":{"line":61,"column":3}}},"3":{"name":"(anonymous_3)","decl":{"start":{"line":49,"column":25},"end":{"line":49,"column":28}},"loc":{"start":{"line":49,"column":30},"end":{"line":52,"column":7}}}},"branchMap":{"0":{"loc":{"start":{"line":42,"column":4},"end":{"line":53,"column":5}},"type":"if","locations":[{"start":{"line":42,"column":4},"end":{"line":53,"column":5}},{"start":{},"end":{}}]},"1":{"loc":{"start":{"line":44,"column":25},"end":{"line":44,"column":40}},"type":"cond-expr","locations":[{"start":{"line":44,"column":34},"end":{"line":44,"column":36}},{"start":{"line":44,"column":25},"end":{"line":44,"column":40}}]},"2":{"loc":{"start":{"line":44,"column":25},"end":{"line":44,"column":36}},"type":"binary-expr","locations":[{"start":{"line":44,"column":25},"end":{"line":44,"column":36}},{"start":{"line":44,"column":25},"end":{"line":44,"column":36}}]},"3":{"loc":{"start":{"line":50,"column":22},"end":{"line":50,"column":40}},"type":"cond-expr","locations":[{"start":{"line":50,"column":31},"end":{"line":50,"column":33}},{"start":{"line":50,"column":22},"end":{"line":50,"column":40}}]},"4":{"loc":{"start":{"line":50,"column":22},"end":{"line":50,"column":33}},"type":"binary-expr","locations":[{"start":{"line":50,"column":22},"end":{"line":50,"column":33}},{"start":{"line":50,"column":22},"end":{"line":50,"column":33}}]},"5":{"loc":{"start":{"line":55,"column":4},"end":{"line":60,"column":5}},"type":"if","locations":[{"start":{"line":55,"column":4},"end":{"line":60,"column":5}},{"start":{},"end":{}}]},"6":{"loc":{"start":{"line":56,"column":6},"end":{"line":59,"column":7}},"type":"if","locations":[{"start":{"line":56,"column":6},"end":{"line":59,"column":7}},{"start":{},"end":{}}]},"7":{"loc":{"start":{"line":88,"column":13},"end":{"line":91,"column":null}},"type":"binary-expr","locations":[{"start":{"line":88,"column":13},"end":{"line":88,"column":25}},{"start":{"line":89,"column":14},"end":{"line":90,"column":null}}]},"8":{"loc":{"start":{"line":90,"column":17},"end":{"line":90,"column":50}},"type":"cond-expr","locations":[{"start":{"line":90,"column":38},"end":{"line":90,"column":40}},{"start":{"line":90,"column":38},"end":{"line":90,"column":50}}]},"9":{"loc":{"start":{"line":90,"column":17},"end":{"line":90,"column":40}},"type":"binary-expr","locations":[{"start":{"line":90,"column":17},"end":{"line":90,"column":40}},{"start":{"line":90,"column":38},"end":{"line":90,"column":40}}]},"10":{"loc":{"start":{"line":90,"column":17},"end":{"line":90,"column":38}},"type":"cond-expr","locations":[{"start":{"line":90,"column":29},"end":{"line":90,"column":31}},{"start":{"line":90,"column":29},"end":{"line":90,"column":38}}]},"11":{"loc":{"start":{"line":90,"column":17},"end":{"line":90,"column":31}},"type":"binary-expr","locations":[{"start":{"line":90,"column":17},"end":{"line":90,"column":31}},{"start":{"line":90,"column":29},"end":{"line":90,"column":31}}]},"12":{"loc":{"start":{"line":108,"column":13},"end":{"line":111,"column":null}},"type":"binary-expr","locations":[{"start":{"line":108,"column":13},"end":{"line":108,"column":28}},{"start":{"line":109,"column":14},"end":{"line":110,"column":null}}]},"13":{"loc":{"start":{"line":110,"column":17},"end":{"line":110,"column":53}},"type":"cond-expr","locations":[{"start":{"line":110,"column":41},"end":{"line":110,"column":43}},{"start":{"line":110,"column":41},"end":{"line":110,"column":53}}]},"14":{"loc":{"start":{"line":110,"column":17},"end":{"line":110,"column":43}},"type":"binary-expr","locations":[{"start":{"line":110,"column":17},"end":{"line":110,"column":43}},{"start":{"line":110,"column":41},"end":{"line":110,"column":43}}]},"15":{"loc":{"start":{"line":110,"column":17},"end":{"line":110,"column":41}},"type":"cond-expr","locations":[{"start":{"line":110,"column":32},"end":{"line":110,"column":34}},{"start":{"line":110,"column":32},"end":{"line":110,"column":41}}]},"16":{"loc":{"start":{"line":110,"column":17},"end":{"line":110,"column":34}},"type":"binary-expr","locations":[{"start":{"line":110,"column":17},"end":{"line":110,"column":34}},{"start":{"line":110,"column":32},"end":{"line":110,"column":34}}]},"17":{"loc":{"start":{"line":115,"column":13},"end":{"line":130,"column":null}},"type":"cond-expr","locations":[{"start":{"line":116,"column":14},"end":{"line":122,"column":null}},{"start":{"line":125,"column":14},"end":{"line":127,"column":null}}]}},"s":{"0":1,"1":1,"2":1,"3":1,"4":1,"5":1,"6":1,"7":1,"8":1,"9":1,"10":11,"11":11,"12":11,"13":11,"14":11,"15":11,"16":11,"17":2,"18":11,"19":6,"20":1,"21":1,"22":1,"23":1,"24":1,"25":6,"26":1,"27":1,"28":1,"29":11,"30":1},"f":{"0":11,"1":2,"2":6,"3":1},"b":{"0":[1,5],"1":[0,1],"2":[1,1],"3":[0,1],"4":[1,1],"5":[1,5],"6":[1,0],"7":[11,0],"8":[0,0],"9":[0,0],"10":[0,0],"11":[0,0],"12":[11,0],"13":[0,0],"14":[0,0],"15":[0,0],"16":[0,0],"17":[2,9]}}
,"C:\\Users\\ajp831\\Pern\\EMS\\src\\mocks\\handlers.ts": {"path":"C:\\Users\\ajp831\\Pern\\EMS\\src\\mocks\\handlers.ts","statementMap":{"0":{"start":{"line":1,"column":0},"end":{"line":1,"column":41}},"1":{"start":{"line":2,"column":0},"end":{"line":2,"column":50}},"2":{"start":{"line":5,"column":13},"end":{"line":167,"column":2}},"3":{"start":{"line":6,"column":64},"end":{"line":47,"column":6}},"4":{"start":{"line":8,"column":28},"end":{"line":8,"column":48}},"5":{"start":{"line":15,"column":25},"end":{"line":15,"column":54}},"6":{"start":{"line":17,"column":8},"end":{"line":24,"column":9}},"7":{"start":{"line":18,"column":12},"end":{"line":23,"column":15}},"8":{"start":{"line":26,"column":8},"end":{"line":45,"column":null}},"9":{"start":{"line":48,"column":68},"end":{"line":77,"column":6}},"10":{"start":{"line":50,"column":28},"end":{"line":50,"column":48}},"11":{"start":{"line":60,"column":25},"end":{"line":60,"column":54}},"12":{"start":{"line":62,"column":8},"end":{"line":70,"column":9}},"13":{"start":{"line":63,"column":12},"end":{"line":68,"column":15}},"14":{"start":{"line":71,"column":8},"end":{"line":75,"column":null}},"15":{"start":{"line":78,"column":67},"end":{"line":115,"column":6}},"16":{"start":{"line":80,"column":8},"end":{"line":113,"column":null}},"17":{"start":{"line":116,"column":71},"end":{"line":130,"column":6}},"18":{"start":{"line":118,"column":8},"end":{"line":128,"column":null}},"19":{"start":{"line":131,"column":79},"end":{"line":165,"column":6}},"20":{"start":{"line":132,"column":25},"end":{"line":132,"column":45}},"21":{"start":{"line":142,"column":29},"end":{"line":142,"column":55}},"22":{"start":{"line":144,"column":8},"end":{"line":151,"column":9}},"23":{"start":{"line":145,"column":12},"end":{"line":150,"column":15}},"24":{"start":{"line":153,"column":8},"end":{"line":163,"column":null}}},"fnMap":{"0":{"name":"(anonymous_7)","decl":{"start":{"line":6,"column":42},"end":{"line":6,"column":49}},"loc":{"start":{"line":6,"column":64},"end":{"line":47,"column":6}}},"1":{"name":"(anonymous_8)","decl":{"start":{"line":6,"column":64},"end":{"line":6,"column":null}},"loc":{"start":{"line":6,"column":60},"end":{"line":47,"column":5}}},"2":{"name":"(anonymous_9)","decl":{"start":{"line":48,"column":46},"end":{"line":48,"column":53}},"loc":{"start":{"line":48,"column":68},"end":{"line":77,"column":6}}},"3":{"name":"(anonymous_10)","decl":{"start":{"line":48,"column":68},"end":{"line":48,"column":null}},"loc":{"start":{"line":48,"column":64},"end":{"line":77,"column":5}}},"4":{"name":"(anonymous_11)","decl":{"start":{"line":78,"column":45},"end":{"line":78,"column":52}},"loc":{"start":{"line":78,"column":67},"end":{"line":115,"column":6}}},"5":{"name":"(anonymous_12)","decl":{"start":{"line":78,"column":67},"end":{"line":78,"column":null}},"loc":{"start":{"line":78,"column":63},"end":{"line":115,"column":5}}},"6":{"name":"(anonymous_13)","decl":{"start":{"line":116,"column":49},"end":{"line":116,"column":56}},"loc":{"start":{"line":116,"column":71},"end":{"line":130,"column":6}}},"7":{"name":"(anonymous_14)","decl":{"start":{"line":116,"column":71},"end":{"line":116,"column":null}},"loc":{"start":{"line":116,"column":67},"end":{"line":130,"column":5}}},"8":{"name":"(anonymous_15)","decl":{"start":{"line":131,"column":49},"end":{"line":131,"column":56}},"loc":{"start":{"line":131,"column":79},"end":{"line":165,"column":6}}},"9":{"name":"(anonymous_16)","decl":{"start":{"line":131,"column":79},"end":{"line":131,"column":null}},"loc":{"start":{"line":131,"column":75},"end":{"line":165,"column":5}}}},"branchMap":{"0":{"loc":{"start":{"line":17,"column":8},"end":{"line":24,"column":9}},"type":"if","locations":[{"start":{"line":17,"column":8},"end":{"line":24,"column":9}},{"start":{},"end":{}}]},"1":{"loc":{"start":{"line":62,"column":8},"end":{"line":70,"column":9}},"type":"if","locations":[{"start":{"line":62,"column":8},"end":{"line":70,"column":9}},{"start":{},"end":{}}]},"2":{"loc":{"start":{"line":144,"column":8},"end":{"line":151,"column":9}},"type":"if","locations":[{"start":{"line":144,"column":8},"end":{"line":151,"column":9}},{"start":{},"end":{}}]}},"s":{"0":3,"1":3,"2":3,"3":2,"4":2,"5":2,"6":2,"7":1,"8":1,"9":0,"10":0,"11":0,"12":0,"13":0,"14":0,"15":0,"16":0,"17":0,"18":0,"19":0,"20":0,"21":0,"22":0,"23":0,"24":0},"f":{"0":2,"1":2,"2":0,"3":0,"4":0,"5":0,"6":0,"7":0,"8":0,"9":0},"b":{"0":[1,1],"1":[0,0],"2":[0,0]}}
,"C:\\Users\\ajp831\\Pern\\EMS\\src\\mocks\\server.ts": {"path":"C:\\Users\\ajp831\\Pern\\EMS\\src\\mocks\\server.ts","statementMap":{"0":{"start":{"line":1,"column":0},"end":{"line":1,"column":39}},"1":{"start":{"line":2,"column":0},"end":{"line":2,"column":38}},"2":{"start":{"line":4,"column":13},"end":{"line":4,"column":47}}},"fnMap":{},"branchMap":{},"s":{"0":3,"1":3,"2":3},"f":{},"b":{}}
,"C:\\Users\\ajp831\\Pern\\EMS\\src\\redux\\action.ts": {"path":"C:\\Users\\ajp831\\Pern\\EMS\\src\\redux\\action.ts","statementMap":{"0":{"start":{"line":1,"column":0},"end":{"line":1,"column":26}},"1":{"start":{"line":2,"column":0},"end":{"line":2,"column":52}},"2":{"start":{"line":3,"column":0},"end":{"line":3,"column":50}},"3":{"start":{"line":14,"column":13},"end":{"line":27,"column":2}},"4":{"start":{"line":15,"column":37},"end":{"line":26,"column":null}},"5":{"start":{"line":17,"column":8},"end":{"line":25,"column":9}},"6":{"start":{"line":18,"column":29},"end":{"line":20,"column":14}},"7":{"start":{"line":22,"column":12},"end":{"line":22,"column":33}},"8":{"start":{"line":24,"column":12},"end":{"line":24,"column":56}},"9":{"start":{"line":29,"column":13},"end":{"line":41,"column":3}},"10":{"start":{"line":29,"column":116},"end":{"line":41,"column":2}},"11":{"start":{"line":30,"column":4},"end":{"line":39,"column":5}},"12":{"start":{"line":31,"column":25},"end":{"line":33,"column":10}},"13":{"start":{"line":35,"column":8},"end":{"line":35,"column":29}},"14":{"start":{"line":37,"column":8},"end":{"line":37,"column":null}},"15":{"start":{"line":38,"column":8},"end":{"line":38,"column":52}},"16":{"start":{"line":43,"column":13},"end":{"line":54,"column":3}},"17":{"start":{"line":43,"column":106},"end":{"line":54,"column":2}},"18":{"start":{"line":44,"column":4},"end":{"line":52,"column":5}},"19":{"start":{"line":45,"column":25},"end":{"line":47,"column":10}},"20":{"start":{"line":48,"column":8},"end":{"line":48,"column":29}},"21":{"start":{"line":50,"column":8},"end":{"line":50,"column":null}},"22":{"start":{"line":51,"column":8},"end":{"line":51,"column":52}},"23":{"start":{"line":57,"column":13},"end":{"line":68,"column":3}},"24":{"start":{"line":57,"column":116},"end":{"line":68,"column":2}},"25":{"start":{"line":58,"column":4},"end":{"line":66,"column":5}},"26":{"start":{"line":59,"column":25},"end":{"line":61,"column":10}},"27":{"start":{"line":62,"column":8},"end":{"line":62,"column":29}},"28":{"start":{"line":64,"column":8},"end":{"line":64,"column":null}},"29":{"start":{"line":65,"column":8},"end":{"line":65,"column":52}},"30":{"start":{"line":70,"column":13},"end":{"line":82,"column":3}},"31":{"start":{"line":70,"column":100},"end":{"line":82,"column":2}},"32":{"start":{"line":71,"column":4},"end":{"line":80,"column":3}},"33":{"start":{"line":73,"column":4},"end":{"line":75,"column":7}},"34":{"start":{"line":77,"column":4},"end":{"line":77,"column":31}},"35":{"start":{"line":79,"column":4},"end":{"line":79,"column":43}}},"fnMap":{"0":{"name":"(anonymous_8)","decl":{"start":{"line":15,"column":4},"end":{"line":15,"column":11}},"loc":{"start":{"line":15,"column":37},"end":{"line":26,"column":null}}},"1":{"name":"(anonymous_9)","decl":{"start":{"line":15,"column":37},"end":{"line":15,"column":null}},"loc":{"start":{"line":15,"column":33},"end":{"line":26,"column":5}}},"2":{"name":"(anonymous_10)","decl":{"start":{"line":29,"column":66},"end":{"line":29,"column":73}},"loc":{"start":{"line":29,"column":116},"end":{"line":41,"column":2}}},"3":{"name":"(anonymous_11)","decl":{"start":{"line":29,"column":116},"end":{"line":29,"column":null}},"loc":{"start":{"line":29,"column":112},"end":{"line":41,"column":1}}},"4":{"name":"(anonymous_12)","decl":{"start":{"line":43,"column":64},"end":{"line":43,"column":71}},"loc":{"start":{"line":43,"column":106},"end":{"line":54,"column":2}}},"5":{"name":"(anonymous_13)","decl":{"start":{"line":43,"column":106},"end":{"line":43,"column":null}},"loc":{"start":{"line":43,"column":102},"end":{"line":54,"column":1}}},"6":{"name":"(anonymous_14)","decl":{"start":{"line":57,"column":66},"end":{"line":57,"column":73}},"loc":{"start":{"line":57,"column":116},"end":{"line":68,"column":2}}},"7":{"name":"(anonymous_15)","decl":{"start":{"line":57,"column":116},"end":{"line":57,"column":null}},"loc":{"start":{"line":57,"column":112},"end":{"line":68,"column":1}}},"8":{"name":"(anonymous_16)","decl":{"start":{"line":70,"column":67},"end":{"line":70,"column":74}},"loc":{"start":{"line":70,"column":100},"end":{"line":82,"column":2}}},"9":{"name":"(anonymous_17)","decl":{"start":{"line":70,"column":100},"end":{"line":70,"column":null}},"loc":{"start":{"line":70,"column":96},"end":{"line":82,"column":1}}}},"branchMap":{},"s":{"0":4,"1":4,"2":4,"3":4,"4":3,"5":3,"6":3,"7":2,"8":2,"9":4,"10":1,"11":1,"12":1,"13":0,"14":0,"15":0,"16":4,"17":3,"18":3,"19":3,"20":0,"21":0,"22":0,"23":4,"24":1,"25":1,"26":1,"27":0,"28":0,"29":0,"30":4,"31":0,"32":0,"33":0,"34":0,"35":0},"f":{"0":3,"1":3,"2":1,"3":1,"4":3,"5":3,"6":1,"7":1,"8":0,"9":0},"b":{}}
,"C:\\Users\\ajp831\\Pern\\EMS\\src\\redux\\api.ts": {"path":"C:\\Users\\ajp831\\Pern\\EMS\\src\\redux\\api.ts","statementMap":{"0":{"start":{"line":1,"column":0},"end":{"line":1,"column":73}},"1":{"start":{"line":3,"column":13},"end":{"line":21,"column":3}},"2":{"start":{"line":9,"column":27},"end":{"line":20,"column":2}},"3":{"start":{"line":11,"column":30},"end":{"line":17,"column":14}},"4":{"start":{"line":23,"column":15},"end":{"line":23,"column":50}}},"fnMap":{"0":{"name":"(anonymous_0)","decl":{"start":{"line":9,"column":15},"end":{"line":9,"column":16}},"loc":{"start":{"line":9,"column":27},"end":{"line":20,"column":2}}},"1":{"name":"(anonymous_1)","decl":{"start":{"line":11,"column":19},"end":{"line":11,"column":20}},"loc":{"start":{"line":11,"column":30},"end":{"line":17,"column":14}}}},"branchMap":{},"s":{"0":4,"1":4,"2":4,"3":2,"4":4},"f":{"0":4,"1":2},"b":{}}
,"C:\\Users\\ajp831\\Pern\\EMS\\src\\redux\\reducer.ts": {"path":"C:\\Users\\ajp831\\Pern\\EMS\\src\\redux\\reducer.ts","statementMap":{"0":{"start":{"line":1,"column":0},"end":{"line":1,"column":47}},"1":{"start":{"line":2,"column":0},"end":{"line":2,"column":105}},"2":{"start":{"line":4,"column":0},"end":{"line":4,"column":42}},"3":{"start":{"line":17,"column":32},"end":{"line":24,"column":2}},"4":{"start":{"line":26,"column":13},"end":{"line":114,"column":3}},"5":{"start":{"line":31,"column":6},"end":{"line":31,"column":39}},"6":{"start":{"line":44,"column":4},"end":{"line":112,"column":null}},"7":{"start":{"line":46,"column":8},"end":{"line":46,"column":29}},"8":{"start":{"line":47,"column":8},"end":{"line":47,"column":27}},"9":{"start":{"line":50,"column":8},"end":{"line":50,"column":30}},"10":{"start":{"line":51,"column":8},"end":{"line":51,"column":79}},"11":{"start":{"line":54,"column":8},"end":{"line":54,"column":30}},"12":{"start":{"line":55,"column":8},"end":{"line":55,"column":50}},"13":{"start":{"line":56,"column":8},"end":{"line":56,"column":27}},"14":{"start":{"line":61,"column":6},"end":{"line":61,"column":27}},"15":{"start":{"line":62,"column":6},"end":{"line":62,"column":25}},"16":{"start":{"line":65,"column":8},"end":{"line":65,"column":30}},"17":{"start":{"line":66,"column":8},"end":{"line":66,"column":79}},"18":{"start":{"line":69,"column":8},"end":{"line":69,"column":30}},"19":{"start":{"line":70,"column":8},"end":{"line":70,"column":49}},"20":{"start":{"line":71,"column":8},"end":{"line":71,"column":27}},"21":{"start":{"line":76,"column":6},"end":{"line":76,"column":27}},"22":{"start":{"line":77,"column":6},"end":{"line":77,"column":25}},"23":{"start":{"line":80,"column":8},"end":{"line":80,"column":30}},"24":{"start":{"line":81,"column":8},"end":{"line":81,"column":79}},"25":{"start":{"line":84,"column":8},"end":{"line":84,"column":30}},"26":{"start":{"line":85,"column":8},"end":{"line":85,"column":49}},"27":{"start":{"line":86,"column":8},"end":{"line":86,"column":27}},"28":{"start":{"line":91,"column":6},"end":{"line":91,"column":27}},"29":{"start":{"line":92,"column":6},"end":{"line":92,"column":25}},"30":{"start":{"line":95,"column":8},"end":{"line":95,"column":30}},"31":{"start":{"line":96,"column":8},"end":{"line":96,"column":79}},"32":{"start":{"line":99,"column":8},"end":{"line":99,"column":30}},"33":{"start":{"line":100,"column":8},"end":{"line":100,"column":49}},"34":{"start":{"line":101,"column":8},"end":{"line":101,"column":27}},"35":{"start":{"line":106,"column":8},"end":{"line":106,"column":null}},"36":{"start":{"line":107,"column":7},"end":{"line":107,"column":25}},"37":{"start":{"line":108,"column":6},"end":{"line":108,"column":32}},"38":{"start":{"line":109,"column":6},"end":{"line":109,"column":33}},"39":{"start":{"line":110,"column":6},"end":{"line":110,"column":25}},"40":{"start":{"line":111,"column":6},"end":{"line":111,"column":28}},"41":{"start":{"line":116,"column":30},"end":{"line":116,"column":62}},"42":{"start":{"line":116,"column":36},"end":{"line":116,"column":62}},"43":{"start":{"line":116,"column":13},"end":{"line":116,"column":30}},"44":{"start":{"line":118,"column":26},"end":{"line":118,"column":63}},"45":{"start":{"line":118,"column":48},"end":{"line":118,"column":63}},"46":{"start":{"line":118,"column":13},"end":{"line":118,"column":26}},"47":{"start":{"line":120,"column":15},"end":{"line":120,"column":45}},"48":{"start":{"line":122,"column":0},"end":{"line":122,"column":33}}},"fnMap":{"0":{"name":"(anonymous_0)","decl":{"start":{"line":30,"column":13},"end":{"line":30,"column":14}},"loc":{"start":{"line":30,"column":31},"end":{"line":32,"column":5}}},"1":{"name":"(anonymous_1)","decl":{"start":{"line":42,"column":17},"end":{"line":42,"column":18}},"loc":{"start":{"line":42,"column":29},"end":{"line":113,"column":3}}},"2":{"name":"(anonymous_2)","decl":{"start":{"line":45,"column":40},"end":{"line":45,"column":41}},"loc":{"start":{"line":45,"column":58},"end":{"line":48,"column":7}}},"3":{"name":"(anonymous_3)","decl":{"start":{"line":49,"column":40},"end":{"line":49,"column":41}},"loc":{"start":{"line":49,"column":63},"end":{"line":52,"column":7}}},"4":{"name":"(anonymous_4)","decl":{"start":{"line":53,"column":41},"end":{"line":53,"column":42}},"loc":{"start":{"line":53,"column":59},"end":{"line":57,"column":7}}},"5":{"name":"(anonymous_5)","decl":{"start":{"line":60,"column":39},"end":{"line":60,"column":40}},"loc":{"start":{"line":60,"column":57},"end":{"line":63,"column":7}}},"6":{"name":"(anonymous_6)","decl":{"start":{"line":64,"column":40},"end":{"line":64,"column":41}},"loc":{"start":{"line":64,"column":63},"end":{"line":67,"column":7}}},"7":{"name":"(anonymous_7)","decl":{"start":{"line":68,"column":41},"end":{"line":68,"column":42}},"loc":{"start":{"line":68,"column":59},"end":{"line":72,"column":7}}},"8":{"name":"(anonymous_8)","decl":{"start":{"line":75,"column":38},"end":{"line":75,"column":39}},"loc":{"start":{"line":75,"column":56},"end":{"line":78,"column":7}}},"9":{"name":"(anonymous_9)","decl":{"start":{"line":79,"column":38},"end":{"line":79,"column":39}},"loc":{"start":{"line":79,"column":61},"end":{"line":82,"column":7}}},"10":{"name":"(anonymous_10)","decl":{"start":{"line":83,"column":40},"end":{"line":83,"column":41}},"loc":{"start":{"line":83,"column":58},"end":{"line":87,"column":7}}},"11":{"name":"(anonymous_11)","decl":{"start":{"line":90,"column":40},"end":{"line":90,"column":41}},"loc":{"start":{"line":90,"column":58},"end":{"line":93,"column":7}}},"12":{"name":"(anonymous_12)","decl":{"start":{"line":94,"column":40},"end":{"line":94,"column":41}},"loc":{"start":{"line":94,"column":63},"end":{"line":97,"column":7}}},"13":{"name":"(anonymous_13)","decl":{"start":{"line":98,"column":42},"end":{"line":98,"column":43}},"loc":{"start":{"line":98,"column":60},"end":{"line":102,"column":7}}},"14":{"name":"(anonymous_14)","decl":{"start":{"line":105,"column":42},"end":{"line":105,"column":43}},"loc":{"start":{"line":105,"column":60},"end":{"line":112,"column":7}}},"15":{"name":"(anonymous_15)","decl":{"start":{"line":116,"column":30},"end":{"line":116,"column":33}},"loc":{"start":{"line":116,"column":36},"end":{"line":116,"column":62}}},"16":{"name":"(anonymous_16)","decl":{"start":{"line":118,"column":26},"end":{"line":118,"column":27}},"loc":{"start":{"line":118,"column":48},"end":{"line":118,"column":63}}}},"branchMap":{"0":{"loc":{"start":{"line":51,"column":22},"end":{"line":51,"column":78}},"type":"cond-expr","locations":[{"start":{"line":51,"column":52},"end":{"line":51,"column":56}},{"start":{"line":51,"column":56},"end":{"line":51,"column":78}}]},"1":{"loc":{"start":{"line":51,"column":22},"end":{"line":51,"column":56}},"type":"binary-expr","locations":[{"start":{"line":51,"column":22},"end":{"line":51,"column":56}},{"start":{"line":51,"column":52},"end":{"line":51,"column":56}}]},"2":{"loc":{"start":{"line":51,"column":22},"end":{"line":51,"column":52}},"type":"cond-expr","locations":[{"start":{"line":51,"column":43},"end":{"line":51,"column":45}},{"start":{"line":51,"column":43},"end":{"line":51,"column":52}}]},"3":{"loc":{"start":{"line":51,"column":22},"end":{"line":51,"column":45}},"type":"binary-expr","locations":[{"start":{"line":51,"column":22},"end":{"line":51,"column":45}},{"start":{"line":51,"column":43},"end":{"line":51,"column":45}}]},"4":{"loc":{"start":{"line":51,"column":22},"end":{"line":51,"column":43}},"type":"cond-expr","locations":[{"start":{"line":51,"column":37},"end":{"line":51,"column":39}},{"start":{"line":51,"column":37},"end":{"line":51,"column":43}}]},"5":{"loc":{"start":{"line":51,"column":22},"end":{"line":51,"column":39}},"type":"binary-expr","locations":[{"start":{"line":51,"column":22},"end":{"line":51,"column":39}},{"start":{"line":51,"column":37},"end":{"line":51,"column":39}}]},"6":{"loc":{"start":{"line":51,"column":22},"end":{"line":51,"column":37}},"type":"cond-expr","locations":[{"start":{"line":51,"column":28},"end":{"line":51,"column":30}},{"start":{"line":51,"column":22},"end":{"line":51,"column":37}}]},"7":{"loc":{"start":{"line":51,"column":22},"end":{"line":51,"column":30}},"type":"binary-expr","locations":[{"start":{"line":51,"column":22},"end":{"line":51,"column":30}},{"start":{"line":51,"column":22},"end":{"line":51,"column":30}}]},"8":{"loc":{"start":{"line":66,"column":22},"end":{"line":66,"column":78}},"type":"cond-expr","locations":[{"start":{"line":66,"column":52},"end":{"line":66,"column":56}},{"start":{"line":66,"column":56},"end":{"line":66,"column":78}}]},"9":{"loc":{"start":{"line":66,"column":22},"end":{"line":66,"column":56}},"type":"binary-expr","locations":[{"start":{"line":66,"column":22},"end":{"line":66,"column":56}},{"start":{"line":66,"column":52},"end":{"line":66,"column":56}}]},"10":{"loc":{"start":{"line":66,"column":22},"end":{"line":66,"column":52}},"type":"cond-expr","locations":[{"start":{"line":66,"column":43},"end":{"line":66,"column":45}},{"start":{"line":66,"column":43},"end":{"line":66,"column":52}}]},"11":{"loc":{"start":{"line":66,"column":22},"end":{"line":66,"column":45}},"type":"binary-expr","locations":[{"start":{"line":66,"column":22},"end":{"line":66,"column":45}},{"start":{"line":66,"column":43},"end":{"line":66,"column":45}}]},"12":{"loc":{"start":{"line":66,"column":22},"end":{"line":66,"column":43}},"type":"cond-expr","locations":[{"start":{"line":66,"column":37},"end":{"line":66,"column":39}},{"start":{"line":66,"column":37},"end":{"line":66,"column":43}}]},"13":{"loc":{"start":{"line":66,"column":22},"end":{"line":66,"column":39}},"type":"binary-expr","locations":[{"start":{"line":66,"column":22},"end":{"line":66,"column":39}},{"start":{"line":66,"column":37},"end":{"line":66,"column":39}}]},"14":{"loc":{"start":{"line":66,"column":22},"end":{"line":66,"column":37}},"type":"cond-expr","locations":[{"start":{"line":66,"column":28},"end":{"line":66,"column":30}},{"start":{"line":66,"column":22},"end":{"line":66,"column":37}}]},"15":{"loc":{"start":{"line":66,"column":22},"end":{"line":66,"column":30}},"type":"binary-expr","locations":[{"start":{"line":66,"column":22},"end":{"line":66,"column":30}},{"start":{"line":66,"column":22},"end":{"line":66,"column":30}}]},"16":{"loc":{"start":{"line":81,"column":22},"end":{"line":81,"column":78}},"type":"cond-expr","locations":[{"start":{"line":81,"column":52},"end":{"line":81,"column":56}},{"start":{"line":81,"column":56},"end":{"line":81,"column":78}}]},"17":{"loc":{"start":{"line":81,"column":22},"end":{"line":81,"column":56}},"type":"binary-expr","locations":[{"start":{"line":81,"column":22},"end":{"line":81,"column":56}},{"start":{"line":81,"column":52},"end":{"line":81,"column":56}}]},"18":{"loc":{"start":{"line":81,"column":22},"end":{"line":81,"column":52}},"type":"cond-expr","locations":[{"start":{"line":81,"column":43},"end":{"line":81,"column":45}},{"start":{"line":81,"column":43},"end":{"line":81,"column":52}}]},"19":{"loc":{"start":{"line":81,"column":22},"end":{"line":81,"column":45}},"type":"binary-expr","locations":[{"start":{"line":81,"column":22},"end":{"line":81,"column":45}},{"start":{"line":81,"column":43},"end":{"line":81,"column":45}}]},"20":{"loc":{"start":{"line":81,"column":22},"end":{"line":81,"column":43}},"type":"cond-expr","locations":[{"start":{"line":81,"column":37},"end":{"line":81,"column":39}},{"start":{"line":81,"column":37},"end":{"line":81,"column":43}}]},"21":{"loc":{"start":{"line":81,"column":22},"end":{"line":81,"column":39}},"type":"binary-expr","locations":[{"start":{"line":81,"column":22},"end":{"line":81,"column":39}},{"start":{"line":81,"column":37},"end":{"line":81,"column":39}}]},"22":{"loc":{"start":{"line":81,"column":22},"end":{"line":81,"column":37}},"type":"cond-expr","locations":[{"start":{"line":81,"column":28},"end":{"line":81,"column":30}},{"start":{"line":81,"column":22},"end":{"line":81,"column":37}}]},"23":{"loc":{"start":{"line":81,"column":22},"end":{"line":81,"column":30}},"type":"binary-expr","locations":[{"start":{"line":81,"column":22},"end":{"line":81,"column":30}},{"start":{"line":81,"column":22},"end":{"line":81,"column":30}}]},"24":{"loc":{"start":{"line":96,"column":22},"end":{"line":96,"column":78}},"type":"cond-expr","locations":[{"start":{"line":96,"column":52},"end":{"line":96,"column":56}},{"start":{"line":96,"column":56},"end":{"line":96,"column":78}}]},"25":{"loc":{"start":{"line":96,"column":22},"end":{"line":96,"column":56}},"type":"binary-expr","locations":[{"start":{"line":96,"column":22},"end":{"line":96,"column":56}},{"start":{"line":96,"column":52},"end":{"line":96,"column":56}}]},"26":{"loc":{"start":{"line":96,"column":22},"end":{"line":96,"column":52}},"type":"cond-expr","locations":[{"start":{"line":96,"column":43},"end":{"line":96,"column":45}},{"start":{"line":96,"column":43},"end":{"line":96,"column":52}}]},"27":{"loc":{"start":{"line":96,"column":22},"end":{"line":96,"column":45}},"type":"binary-expr","locations":[{"start":{"line":96,"column":22},"end":{"line":96,"column":45}},{"start":{"line":96,"column":43},"end":{"line":96,"column":45}}]},"28":{"loc":{"start":{"line":96,"column":22},"end":{"line":96,"column":43}},"type":"cond-expr","locations":[{"start":{"line":96,"column":37},"end":{"line":96,"column":39}},{"start":{"line":96,"column":37},"end":{"line":96,"column":43}}]},"29":{"loc":{"start":{"line":96,"column":22},"end":{"line":96,"column":39}},"type":"binary-expr","locations":[{"start":{"line":96,"column":22},"end":{"line":96,"column":39}},{"start":{"line":96,"column":37},"end":{"line":96,"column":39}}]},"30":{"loc":{"start":{"line":96,"column":22},"end":{"line":96,"column":37}},"type":"cond-expr","locations":[{"start":{"line":96,"column":28},"end":{"line":96,"column":30}},{"start":{"line":96,"column":22},"end":{"line":96,"column":37}}]},"31":{"loc":{"start":{"line":96,"column":22},"end":{"line":96,"column":30}},"type":"binary-expr","locations":[{"start":{"line":96,"column":22},"end":{"line":96,"column":30}},{"start":{"line":96,"column":22},"end":{"line":96,"column":30}}]}},"s":{"0":4,"1":4,"2":4,"3":4,"4":4,"5":1,"6":4,"7":1,"8":1,"9":1,"10":1,"11":0,"12":0,"13":0,"14":1,"15":1,"16":0,"17":0,"18":0,"19":0,"20":0,"21":3,"22":3,"23":0,"24":0,"25":0,"26":0,"27":0,"28":1,"29":1,"30":0,"31":0,"32":0,"33":0,"34":0,"35":0,"36":0,"37":0,"38":0,"39":0,"40":0,"41":4,"42":11,"43":4,"44":4,"45":8,"46":4,"47":4,"48":4},"f":{"0":1,"1":4,"2":1,"3":1,"4":0,"5":1,"6":0,"7":0,"8":3,"9":0,"10":0,"11":1,"12":0,"13":0,"14":0,"15":11,"16":8},"b":{"0":[0,1],"1":[1,1],"2":[1,0],"3":[1,1],"4":[1,0],"5":[1,1],"6":[0,1],"7":[1,1],"8":[0,0],"9":[0,0],"10":[0,0],"11":[0,0],"12":[0,0],"13":[0,0],"14":[0,0],"15":[0,0],"16":[0,0],"17":[0,0],"18":[0,0],"19":[0,0],"20":[0,0],"21":[0,0],"22":[0,0],"23":[0,0],"24":[0,0],"25":[0,0],"26":[0,0],"27":[0,0],"28":[0,0],"29":[0,0],"30":[0,0],"31":[0,0]}}
,"C:\\Users\\ajp831\\Pern\\EMS\\src\\redux\\store.ts": {"path":"C:\\Users\\ajp831\\Pern\\EMS\\src\\redux\\store.ts","statementMap":{"0":{"start":{"line":1,"column":0},"end":{"line":1,"column":50}},"1":{"start":{"line":2,"column":0},"end":{"line":2,"column":32}},"2":{"start":{"line":3,"column":0},"end":{"line":3,"column":37}},"3":{"start":{"line":4,"column":0},"end":{"line":4,"column":62}},"4":{"start":{"line":5,"column":0},"end":{"line":5,"column":61}},"5":{"start":{"line":6,"column":0},"end":{"line":6,"column":47}},"6":{"start":{"line":7,"column":0},"end":{"line":7,"column":42}},"7":{"start":{"line":9,"column":22},"end":{"line":12,"column":2}},"8":{"start":{"line":14,"column":25},"end":{"line":14,"column":73}},"9":{"start":{"line":16,"column":13},"end":{"line":27,"column":3}},"10":{"start":{"line":22,"column":4},"end":{"line":26,"column":33}},"11":{"start":{"line":29,"column":13},"end":{"line":29,"column":45}},"12":{"start":{"line":34,"column":30},"end":{"line":34,"column":62}},"13":{"start":{"line":34,"column":36},"end":{"line":34,"column":62}},"14":{"start":{"line":34,"column":13},"end":{"line":34,"column":30}},"15":{"start":{"line":36,"column":0},"end":{"line":36,"column":31}}},"fnMap":{"0":{"name":"(anonymous_1)","decl":{"start":{"line":21,"column":16},"end":{"line":21,"column":17}},"loc":{"start":{"line":22,"column":4},"end":{"line":26,"column":33}}},"1":{"name":"(anonymous_2)","decl":{"start":{"line":34,"column":30},"end":{"line":34,"column":33}},"loc":{"start":{"line":34,"column":36},"end":{"line":34,"column":62}}}},"branchMap":{},"s":{"0":4,"1":4,"2":4,"3":4,"4":4,"5":4,"6":4,"7":4,"8":4,"9":4,"10":4,"11":4,"12":4,"13":70,"14":4,"15":4},"f":{"0":4,"1":70},"b":{}}
,"C:\\Users\\ajp831\\Pern\\EMS\\src\\utils\\domain_name.ts": {"path":"C:\\Users\\ajp831\\Pern\\EMS\\src\\utils\\domain_name.ts","statementMap":{"0":{"start":{"line":1,"column":13},"end":{"line":1,"column":51}}},"fnMap":{},"branchMap":{},"s":{"0":4},"f":{},"b":{}}
,"C:\\Users\\ajp831\\Pern\\EMS\\src\\utils\\test-utils.tsx": {"path":"C:\\Users\\ajp831\\Pern\\EMS\\src\\utils\\test-utils.tsx","statementMap":{"0":{"start":{"line":18,"column":0},"end":{"line":18,"column":16}},"1":{"start":{"line":2,"column":0},"end":{"line":2,"column":47}},"2":{"start":{"line":5,"column":0},"end":{"line":5,"column":38}},"3":{"start":{"line":8,"column":0},"end":{"line":8,"column":52}},"4":{"start":{"line":27,"column":6},"end":{"line":27,"column":27}},"5":{"start":{"line":26,"column":20},"end":{"line":27,"column":6}},"6":{"start":{"line":29,"column":18},"end":{"line":30,"column":null}},"7":{"start":{"line":30,"column":4},"end":{"line":30,"column":54}},"8":{"start":{"line":34,"column":2},"end":{"line":36,"column":null}}},"fnMap":{"0":{"name":"renderWithProviders","decl":{"start":{"line":18,"column":16},"end":{"line":18,"column":35}},"loc":{"start":{"line":20,"column":51},"end":{"line":38,"column":1}}},"1":{"name":"(anonymous_2)","decl":{"start":{"line":29,"column":18},"end":{"line":29,"column":19}},"loc":{"start":{"line":30,"column":4},"end":{"line":30,"column":54}}}},"branchMap":{"0":{"loc":{"start":{"line":20,"column":2},"end":{"line":20,"column":51}},"type":"default-arg","locations":[{"start":{"line":20,"column":49},"end":{"line":20,"column":51}}]},"1":{"loc":{"start":{"line":23,"column":4},"end":{"line":23,"column":23}},"type":"default-arg","locations":[{"start":{"line":23,"column":21},"end":{"line":23,"column":23}}]},"2":{"loc":{"start":{"line":25,"column":4},"end":{"line":25,"column":27}},"type":"default-arg","locations":[{"start":{"line":25,"column":17},"end":{"line":25,"column":27}}]}},"s":{"0":4,"1":4,"2":4,"3":4,"4":14,"5":14,"6":14,"7":14,"8":14},"f":{"0":14,"1":14},"b":{"0":[14],"1":[14],"2":[14]}}
}
