TN:
SF:src\components\pages\AddEmployee.tsx
FN:16,(anonymous_8)
FN:47,(anonymous_9)
FN:47,(anonymous_10)
FN:75,(anonymous_11)
FN:78,(anonymous_12)
FN:196,(anonymous_13)
FNF:6
FNH:6
FNDA:19,(anonymous_8)
FNDA:1,(anonymous_9)
FNDA:1,(anonymous_10)
FNDA:9,(anonymous_11)
FNDA:9,(anonymous_12)
FNDA:1,(anonymous_13)
DA:1,2
DA:2,2
DA:3,2
DA:4,2
DA:5,2
DA:6,2
DA:7,2
DA:9,2
DA:15,2
DA:16,2
DA:28,19
DA:38,19
DA:39,19
DA:41,19
DA:43,19
DA:45,19
DA:47,19
DA:48,1
DA:50,1
DA:52,1
DA:53,0
DA:54,0
DA:55,0
DA:56,0
DA:59,0
DA:60,0
DA:61,0
DA:64,0
DA:65,0
DA:66,0
DA:67,0
DA:69,0
DA:70,0
DA:75,19
DA:76,9
DA:78,9
DA:84,19
DA:196,1
DA:209,2
LF:39
LH:26
BRDA:54,0,0,0
BRDA:54,0,1,0
BRDA:54,1,0,0
BRDA:54,1,1,0
BRDA:54,2,0,0
BRDA:54,2,1,0
BRDA:54,3,0,0
BRDA:54,3,1,0
BRDA:54,4,0,0
BRDA:54,4,1,0
BRDA:59,5,0,0
BRDA:59,5,1,0
BRDA:59,6,0,0
BRDA:59,6,1,0
BRDA:59,7,0,0
BRDA:59,7,1,0
BRDA:59,8,0,0
BRDA:59,8,1,0
BRDA:59,9,0,0
BRDA:59,9,1,0
BRDA:60,10,0,0
BRDA:60,10,1,0
BRDA:60,11,0,0
BRDA:60,11,1,0
BRDA:60,12,0,0
BRDA:60,12,1,0
BRDA:60,13,0,0
BRDA:60,13,1,0
BRDA:64,14,0,0
BRDA:64,14,1,0
BRDA:64,15,0,0
BRDA:64,15,1,0
BRDA:64,16,0,0
BRDA:64,16,1,0
BRDA:64,17,0,0
BRDA:64,17,1,0
BRDA:64,18,0,0
BRDA:64,18,1,0
BRDA:65,19,0,0
BRDA:65,19,1,0
BRDA:65,20,0,0
BRDA:65,20,1,0
BRDA:65,21,0,0
BRDA:65,21,1,0
BRDA:65,22,0,0
BRDA:65,22,1,0
BRDA:100,23,0,0
BRDA:100,23,1,19
BRDA:100,24,0,19
BRDA:100,24,1,19
BRDA:111,25,0,0
BRDA:111,25,1,19
BRDA:111,26,0,19
BRDA:111,26,1,19
BRDA:123,27,0,0
BRDA:123,27,1,19
BRDA:123,28,0,19
BRDA:123,28,1,19
BRDA:136,29,0,0
BRDA:136,29,1,19
BRDA:136,30,0,19
BRDA:136,30,1,19
BRDA:152,31,0,0
BRDA:152,31,1,19
BRDA:152,32,0,19
BRDA:152,32,1,19
BRDA:169,33,0,0
BRDA:169,33,1,19
BRDA:169,34,0,19
BRDA:169,34,1,19
BRDA:179,35,0,1
BRDA:179,35,1,18
BRF:72
BRH:20
end_of_record
TN:
SF:src\components\pages\Dashboard.tsx
FN:26,(anonymous_1)
FN:34,(anonymous_2)
FN:45,(anonymous_3)
FN:46,(anonymous_4)
FN:54,(anonymous_5)
FN:57,(anonymous_6)
FN:64,(anonymous_7)
FN:69,(anonymous_8)
FN:72,(anonymous_9)
FN:77,(anonymous_10)
FN:80,(anonymous_11)
FN:85,(anonymous_12)
FN:85,(anonymous_13)
FN:124,(anonymous_14)
FN:136,(anonymous_15)
FN:144,(anonymous_16)
FN:146,(anonymous_17)
FN:172,(anonymous_18)
FN:174,(anonymous_19)
FN:198,(anonymous_20)
FN:202,(anonymous_21)
FN:215,(anonymous_22)
FN:223,(anonymous_23)
FN:226,(anonymous_24)
FN:237,(anonymous_25)
FNF:25
FNH:12
FNDA:6,(anonymous_1)
FNDA:1,(anonymous_2)
FNDA:0,(anonymous_3)
FNDA:6,(anonymous_4)
FNDA:0,(anonymous_5)
FNDA:6,(anonymous_6)
FNDA:6,(anonymous_7)
FNDA:0,(anonymous_8)
FNDA:6,(anonymous_9)
FNDA:0,(anonymous_10)
FNDA:6,(anonymous_11)
FNDA:0,(anonymous_12)
FNDA:0,(anonymous_13)
FNDA:1,(anonymous_14)
FNDA:1,(anonymous_15)
FNDA:6,(anonymous_16)
FNDA:30,(anonymous_17)
FNDA:0,(anonymous_18)
FNDA:0,(anonymous_19)
FNDA:0,(anonymous_20)
FNDA:24,(anonymous_21)
FNDA:0,(anonymous_22)
FNDA:0,(anonymous_23)
FNDA:0,(anonymous_24)
FNDA:0,(anonymous_25)
DA:1,1
DA:2,1
DA:12,1
DA:21,1
DA:22,1
DA:23,1
DA:24,1
DA:26,1
DA:28,6
DA:30,6
DA:32,6
DA:34,6
DA:35,1
DA:39,6
DA:43,6
DA:45,0
DA:47,6
DA:55,0
DA:58,6
DA:65,6
DA:69,0
DA:73,6
DA:77,0
DA:81,6
DA:85,0
DA:90,6
DA:91,6
DA:93,6
DA:114,6
DA:124,1
DA:136,1
DA:145,6
DA:147,30
DA:173,0
DA:175,0
DA:199,0
DA:203,24
DA:215,0
DA:224,0
DA:226,0
DA:237,0
DA:253,1
LF:42
LH:30
BRDA:123,0,0,6
BRDA:123,0,1,0
BRDA:123,1,0,6
BRDA:123,1,1,6
BRDA:144,2,0,6
BRDA:144,2,1,0
BRDA:144,3,0,0
BRDA:144,3,1,6
BRDA:144,4,0,6
BRDA:144,4,1,6
BRDA:153,5,0,30
BRDA:153,5,1,0
BRDA:172,6,0,6
BRDA:172,6,1,0
BRDA:172,7,0,0
BRDA:172,7,1,6
BRDA:172,8,0,6
BRDA:172,8,1,6
BRDA:227,9,0,0
BRDA:227,9,1,0
BRF:20
BRH:12
end_of_record
TN:
SF:src\components\pages\EditEmployee.tsx
FN:17,(anonymous_8)
FN:49,(anonymous_9)
FN:52,(anonymous_10)
FN:68,(anonymous_11)
FN:68,(anonymous_12)
FN:73,(anonymous_13)
FN:76,(anonymous_14)
FN:83,(anonymous_15)
FN:83,(anonymous_16)
FN:193,(anonymous_17)
FNF:10
FNH:9
FNDA:13,(anonymous_8)
FNDA:3,(anonymous_9)
FNDA:0,(anonymous_10)
FNDA:3,(anonymous_11)
FNDA:3,(anonymous_12)
FNDA:8,(anonymous_13)
FNDA:8,(anonymous_14)
FNDA:1,(anonymous_15)
FNDA:1,(anonymous_16)
FNDA:1,(anonymous_17)
DA:1,1
DA:2,1
DA:3,1
DA:4,1
DA:5,1
DA:6,1
DA:7,1
DA:9,1
DA:15,1
DA:17,1
DA:28,13
DA:36,13
DA:37,13
DA:39,13
DA:41,13
DA:43,13
DA:45,13
DA:47,13
DA:49,13
DA:50,3
DA:51,3
DA:52,3
DA:54,0
DA:55,0
DA:57,0
DA:58,0
DA:64,0
DA:68,13
DA:69,3
DA:70,0
DA:73,13
DA:74,8
DA:76,8
DA:83,13
DA:84,1
DA:85,1
DA:87,1
DA:89,0
DA:90,0
DA:91,0
DA:92,0
DA:95,0
DA:96,0
DA:97,0
DA:100,0
DA:101,0
DA:102,0
DA:103,0
DA:105,0
DA:106,0
DA:110,13
DA:193,1
DA:206,1
LF:53
LH:34
BRDA:54,0,0,0
BRDA:54,0,1,0
BRDA:54,1,0,0
BRDA:54,1,1,0
BRDA:54,2,0,0
BRDA:54,2,1,0
BRDA:54,3,0,0
BRDA:54,3,1,0
BRDA:54,4,0,0
BRDA:54,4,1,0
BRDA:90,5,0,0
BRDA:90,5,1,0
BRDA:90,6,0,0
BRDA:90,6,1,0
BRDA:90,7,0,0
BRDA:90,7,1,0
BRDA:90,8,0,0
BRDA:90,8,1,0
BRDA:90,9,0,0
BRDA:90,9,1,0
BRDA:95,10,0,0
BRDA:95,10,1,0
BRDA:95,11,0,0
BRDA:95,11,1,0
BRDA:95,12,0,0
BRDA:95,12,1,0
BRDA:95,13,0,0
BRDA:95,13,1,0
BRDA:95,14,0,0
BRDA:95,14,1,0
BRDA:96,15,0,0
BRDA:96,15,1,0
BRDA:96,16,0,0
BRDA:96,16,1,0
BRDA:96,17,0,0
BRDA:96,17,1,0
BRDA:96,18,0,0
BRDA:96,18,1,0
BRDA:100,19,0,0
BRDA:100,19,1,0
BRDA:100,20,0,0
BRDA:100,20,1,0
BRDA:100,21,0,0
BRDA:100,21,1,0
BRDA:100,22,0,0
BRDA:100,22,1,0
BRDA:100,23,0,0
BRDA:100,23,1,0
BRDA:105,24,0,0
BRDA:105,24,1,0
BRDA:105,25,0,0
BRDA:105,25,1,0
BRDA:105,26,0,0
BRDA:105,26,1,0
BRDA:105,27,0,0
BRDA:105,27,1,0
BRDA:127,28,0,0
BRDA:127,28,1,13
BRDA:127,29,0,13
BRDA:127,29,1,13
BRDA:140,30,0,0
BRDA:140,30,1,13
BRDA:140,31,0,13
BRDA:140,31,1,13
BRDA:153,32,0,0
BRDA:153,32,1,13
BRDA:153,33,0,13
BRDA:153,33,1,13
BRDA:167,34,0,0
BRDA:167,34,1,13
BRDA:167,35,0,13
BRDA:167,35,1,13
BRDA:176,36,0,1
BRDA:176,36,1,12
BRF:74
BRH:14
end_of_record
TN:
SF:src\components\pages\Header.tsx
FN:7,(anonymous_0)
FN:20,(anonymous_1)
FNF:2
FNH:1
FNDA:38,(anonymous_0)
FNDA:0,(anonymous_1)
DA:2,3
DA:3,3
DA:4,3
DA:5,3
DA:7,3
DA:8,38
DA:9,38
DA:10,38
DA:21,0
DA:22,0
DA:23,0
DA:30,3
LF:12
LH:9
BRF:0
BRH:0
end_of_record
TN:
SF:src\components\pages\LoginForm.tsx
FN:16,(anonymous_0)
FN:36,(anonymous_1)
FN:40,(anonymous_2)
FN:49,(anonymous_3)
FNF:4
FNH:4
FNDA:11,(anonymous_0)
FNDA:2,(anonymous_1)
FNDA:6,(anonymous_2)
FNDA:1,(anonymous_3)
DA:1,1
DA:2,1
DA:3,1
DA:4,1
DA:5,1
DA:6,1
DA:7,1
DA:8,1
DA:10,1
DA:16,1
DA:18,11
DA:19,11
DA:22,11
DA:24,11
DA:26,11
DA:33,11
DA:36,11
DA:37,2
DA:40,11
DA:42,6
DA:43,1
DA:47,1
DA:49,1
DA:50,1
DA:51,1
DA:55,6
DA:56,1
DA:57,1
DA:58,1
DA:63,11
DA:139,1
LF:31
LH:31
BRDA:42,0,0,1
BRDA:42,0,1,5
BRDA:44,1,0,0
BRDA:44,1,1,1
BRDA:44,2,0,1
BRDA:44,2,1,1
BRDA:50,3,0,0
BRDA:50,3,1,1
BRDA:50,4,0,1
BRDA:50,4,1,1
BRDA:55,5,0,1
BRDA:55,5,1,5
BRDA:56,6,0,1
BRDA:56,6,1,0
BRDA:88,7,0,11
BRDA:88,7,1,0
BRDA:90,8,0,0
BRDA:90,8,1,0
BRDA:90,9,0,0
BRDA:90,9,1,0
BRDA:90,10,0,0
BRDA:90,10,1,0
BRDA:90,11,0,0
BRDA:90,11,1,0
BRDA:108,12,0,11
BRDA:108,12,1,0
BRDA:110,13,0,0
BRDA:110,13,1,0
BRDA:110,14,0,0
BRDA:110,14,1,0
BRDA:110,15,0,0
BRDA:110,15,1,0
BRDA:110,16,0,0
BRDA:110,16,1,0
BRDA:115,17,0,2
BRDA:115,17,1,9
BRF:36
BRH:15
end_of_record
TN:
SF:src\mocks\handlers.ts
FN:6,(anonymous_7)
FN:6,(anonymous_8)
FN:48,(anonymous_9)
FN:48,(anonymous_10)
FN:78,(anonymous_11)
FN:78,(anonymous_12)
FN:116,(anonymous_13)
FN:116,(anonymous_14)
FN:131,(anonymous_15)
FN:131,(anonymous_16)
FNF:10
FNH:2
FNDA:2,(anonymous_7)
FNDA:2,(anonymous_8)
FNDA:0,(anonymous_9)
FNDA:0,(anonymous_10)
FNDA:0,(anonymous_11)
FNDA:0,(anonymous_12)
FNDA:0,(anonymous_13)
FNDA:0,(anonymous_14)
FNDA:0,(anonymous_15)
FNDA:0,(anonymous_16)
DA:1,3
DA:2,3
DA:5,3
DA:6,2
DA:8,2
DA:15,2
DA:17,2
DA:18,1
DA:26,1
DA:48,0
DA:50,0
DA:60,0
DA:62,0
DA:63,0
DA:71,0
DA:78,0
DA:80,0
DA:116,0
DA:118,0
DA:131,0
DA:132,0
DA:142,0
DA:144,0
DA:145,0
DA:153,0
LF:25
LH:9
BRDA:17,0,0,1
BRDA:17,0,1,1
BRDA:62,1,0,0
BRDA:62,1,1,0
BRDA:144,2,0,0
BRDA:144,2,1,0
BRF:6
BRH:2
end_of_record
TN:
SF:src\mocks\server.ts
FNF:0
FNH:0
DA:1,3
DA:2,3
DA:4,3
LF:3
LH:3
BRF:0
BRH:0
end_of_record
TN:
SF:src\redux\action.ts
FN:15,(anonymous_8)
FN:15,(anonymous_9)
FN:29,(anonymous_10)
FN:29,(anonymous_11)
FN:43,(anonymous_12)
FN:43,(anonymous_13)
FN:57,(anonymous_14)
FN:57,(anonymous_15)
FN:70,(anonymous_16)
FN:70,(anonymous_17)
FNF:10
FNH:8
FNDA:3,(anonymous_8)
FNDA:3,(anonymous_9)
FNDA:1,(anonymous_10)
FNDA:1,(anonymous_11)
FNDA:3,(anonymous_12)
FNDA:3,(anonymous_13)
FNDA:1,(anonymous_14)
FNDA:1,(anonymous_15)
FNDA:0,(anonymous_16)
FNDA:0,(anonymous_17)
DA:1,4
DA:2,4
DA:3,4
DA:14,4
DA:15,3
DA:17,3
DA:18,3
DA:22,2
DA:24,2
DA:29,4
DA:30,1
DA:31,1
DA:35,0
DA:37,0
DA:38,0
DA:43,4
DA:44,3
DA:45,3
DA:48,0
DA:50,0
DA:51,0
DA:57,4
DA:58,1
DA:59,1
DA:62,0
DA:64,0
DA:65,0
DA:70,4
DA:71,0
DA:73,0
DA:77,0
DA:79,0
LF:32
LH:19
BRF:0
BRH:0
end_of_record
TN:
SF:src\redux\api.ts
FN:9,(anonymous_0)
FN:11,(anonymous_1)
FNF:2
FNH:2
FNDA:4,(anonymous_0)
FNDA:2,(anonymous_1)
DA:1,4
DA:3,4
DA:9,4
DA:11,2
DA:23,4
LF:5
LH:5
BRF:0
BRH:0
end_of_record
TN:
SF:src\redux\reducer.ts
FN:30,(anonymous_0)
FN:42,(anonymous_1)
FN:45,(anonymous_2)
FN:49,(anonymous_3)
FN:53,(anonymous_4)
FN:60,(anonymous_5)
FN:64,(anonymous_6)
FN:68,(anonymous_7)
FN:75,(anonymous_8)
FN:79,(anonymous_9)
FN:83,(anonymous_10)
FN:90,(anonymous_11)
FN:94,(anonymous_12)
FN:98,(anonymous_13)
FN:105,(anonymous_14)
FN:116,(anonymous_15)
FN:118,(anonymous_16)
FNF:17
FNH:9
FNDA:1,(anonymous_0)
FNDA:4,(anonymous_1)
FNDA:1,(anonymous_2)
FNDA:1,(anonymous_3)
FNDA:0,(anonymous_4)
FNDA:1,(anonymous_5)
FNDA:0,(anonymous_6)
FNDA:0,(anonymous_7)
FNDA:3,(anonymous_8)
FNDA:0,(anonymous_9)
FNDA:0,(anonymous_10)
FNDA:1,(anonymous_11)
FNDA:0,(anonymous_12)
FNDA:0,(anonymous_13)
FNDA:0,(anonymous_14)
FNDA:11,(anonymous_15)
FNDA:8,(anonymous_16)
DA:1,4
DA:2,4
DA:4,4
DA:17,4
DA:26,4
DA:31,1
DA:44,4
DA:46,1
DA:47,1
DA:50,1
DA:51,1
DA:54,0
DA:55,0
DA:56,0
DA:61,1
DA:62,1
DA:65,0
DA:66,0
DA:69,0
DA:70,0
DA:71,0
DA:76,3
DA:77,3
DA:80,0
DA:81,0
DA:84,0
DA:85,0
DA:86,0
DA:91,1
DA:92,1
DA:95,0
DA:96,0
DA:99,0
DA:100,0
DA:101,0
DA:106,0
DA:107,0
DA:108,0
DA:109,0
DA:110,0
DA:111,0
DA:116,11
DA:118,8
DA:120,4
DA:122,4
LF:45
LH:21
BRDA:51,0,0,0
BRDA:51,0,1,1
BRDA:51,1,0,1
BRDA:51,1,1,1
BRDA:51,2,0,1
BRDA:51,2,1,0
BRDA:51,3,0,1
BRDA:51,3,1,1
BRDA:51,4,0,1
BRDA:51,4,1,0
BRDA:51,5,0,1
BRDA:51,5,1,1
BRDA:51,6,0,0
BRDA:51,6,1,1
BRDA:51,7,0,1
BRDA:51,7,1,1
BRDA:66,8,0,0
BRDA:66,8,1,0
BRDA:66,9,0,0
BRDA:66,9,1,0
BRDA:66,10,0,0
BRDA:66,10,1,0
BRDA:66,11,0,0
BRDA:66,11,1,0
BRDA:66,12,0,0
BRDA:66,12,1,0
BRDA:66,13,0,0
BRDA:66,13,1,0
BRDA:66,14,0,0
BRDA:66,14,1,0
BRDA:66,15,0,0
BRDA:66,15,1,0
BRDA:81,16,0,0
BRDA:81,16,1,0
BRDA:81,17,0,0
BRDA:81,17,1,0
BRDA:81,18,0,0
BRDA:81,18,1,0
BRDA:81,19,0,0
BRDA:81,19,1,0
BRDA:81,20,0,0
BRDA:81,20,1,0
BRDA:81,21,0,0
BRDA:81,21,1,0
BRDA:81,22,0,0
BRDA:81,22,1,0
BRDA:81,23,0,0
BRDA:81,23,1,0
BRDA:96,24,0,0
BRDA:96,24,1,0
BRDA:96,25,0,0
BRDA:96,25,1,0
BRDA:96,26,0,0
BRDA:96,26,1,0
BRDA:96,27,0,0
BRDA:96,27,1,0
BRDA:96,28,0,0
BRDA:96,28,1,0
BRDA:96,29,0,0
BRDA:96,29,1,0
BRDA:96,30,0,0
BRDA:96,30,1,0
BRDA:96,31,0,0
BRDA:96,31,1,0
BRF:64
BRH:12
end_of_record
TN:
SF:src\redux\store.ts
FN:21,(anonymous_1)
FN:34,(anonymous_2)
FNF:2
FNH:2
FNDA:4,(anonymous_1)
FNDA:70,(anonymous_2)
DA:1,4
DA:2,4
DA:3,4
DA:4,4
DA:5,4
DA:6,4
DA:7,4
DA:9,4
DA:14,4
DA:16,4
DA:22,4
DA:29,4
DA:34,70
DA:36,4
LF:14
LH:14
BRF:0
BRH:0
end_of_record
TN:
SF:src\utils\domain_name.ts
FNF:0
FNH:0
DA:1,4
LF:1
LH:1
BRF:0
BRH:0
end_of_record
TN:
SF:src\utils\test-utils.tsx
FN:18,renderWithProviders
FN:29,(anonymous_2)
FNF:2
FNH:2
FNDA:14,renderWithProviders
FNDA:14,(anonymous_2)
DA:2,4
DA:5,4
DA:8,4
DA:18,4
DA:26,14
DA:27,14
DA:29,14
DA:30,14
DA:34,14
LF:9
LH:9
BRDA:20,0,0,14
BRDA:23,1,0,14
BRDA:25,2,0,14
BRF:3
BRH:3
end_of_record
